epoch,loss,val_loss
0,0.009744143271564098,0.00020652800594689324
1,0.0033048108135517395,0.00019913873256882653
2,0.0031207931524477317,0.0002242567356410695
3,0.0030427845465055723,0.0001924702854820579
4,0.0029349686143177677,0.00017449892119556252
5,0.00283651377321803,0.00019630637527572818
6,0.0027653823926812038,0.0001917906580880905
7,0.002616813516942784,0.00019998879078128893
8,0.002505460374050017,0.00025918317260220647
9,0.0023988985813957696,0.00023929641206955744
10,0.0022554332230356523,0.0002343506089851467
11,0.0021723907756495465,0.00022472421793888012
12,0.002127879828640289,0.00034078499528631155
13,0.002067085150611092,0.00039772603001135093
14,0.0020520533882518064,0.0003325517051659214
15,0.001961108186878846,0.0003662395417147006
16,0.0019353742382008932,0.0005307835187219704
17,0.0018651056710950798,0.0003391218132391158
18,0.001867706597204233,0.0004414148327972119
19,0.0017691880398615467,0.00039451928266013664
20,0.001752120429682691,0.00043011271918658167
21,0.0017286035010329215,0.00042534712055284117
0,0.00802237877396692,0.0003021018653978697
1,0.003251009781160974,0.00020189936589708345
2,0.0030770226358981744,0.00019624735270756192
3,0.003004843383314437,0.00018425372440510223
4,0.0028460976911446776,0.00021795556757650856
5,0.0028839276119470014,0.0002087645734718535
6,0.0028013385414851653,0.0001915143176221237
7,0.002672950115902495,0.00018011778067577526
8,0.0026062883253871404,0.00019578657277937359
9,0.002525056224567379,0.00023740056349197403
10,0.002406284209337173,0.00019182662152969796
11,0.002334233112196671,0.00024174123973352835
12,0.002282287338584865,0.00022884288450263234
13,0.00217087679047836,0.00025078816947320267
14,0.002145639611171646,0.0002942067221738398
15,0.00211664169028154,0.00033720007599590137
16,0.0020676734455264524,0.00024643333826032985
17,0.0019654503970741644,0.00031630750971898023
18,0.0019768298536291693,0.0003380596592453205
19,0.0019132627097860678,0.00038353279524017125
20,0.001960339302149805,0.0003113177525746222
21,0.0019091447792561667,0.0002921485065598972
22,0.0018607493143463216,0.0003555027942638844
23,0.0017969260246900377,0.00023379525696832893
24,0.0018065846759782289,0.000364781346029809
25,0.0017725889411849493,0.00027185628763011965
26,0.001753901355277776,0.00046205777713718515
27,0.0017012134997003159,0.00028280796444353956
28,0.0017043076275513158,0.0003000021663158097
29,0.0016604621033820877,0.00030122393056646816
30,0.001651745391154691,0.00025775147433806624
31,0.0016226413526055695,0.00025093565151716274
0,0.012419906226195728,0.0008754978189244866
1,0.008757230658561755,0.00024492028569511604
2,0.004184783890079229,0.00019167904247296974
3,0.003638846227355922,0.0002001455704885302
4,0.0035883188770057107,0.0001992888774111634
5,0.003420805038424591,0.000126595195979462
6,0.0033128299326516497,0.00015078963042469695
7,0.0032540354995245044,0.00013168884834158234
8,0.0031280343858107254,0.00013692559696210083
9,0.002896909303672146,0.0001349122485407861
10,0.0028403371778460075,0.00015105019519978669
11,0.002877047431329862,0.00016348327335435897
12,0.002727626416927729,0.00016000755022105295
13,0.002727358808326057,0.00017601868421479594
14,0.0026170594331536754,0.00016124825560837053
15,0.0026558088683463535,0.0001823923066694988
16,0.0026022392423608555,0.00021247596123430412
17,0.00262069935837271,0.00021660503989551216
18,0.0025201532523332834,0.0002996677612827625
19,0.0025025030489091594,0.00026815366072696634
0,0.013756684623867607,0.00031177327764453366
1,0.004281468801006365,0.00027351313292456325
2,0.0038167875997411707,0.00018808628374245018
3,0.00357425390318848,0.0001851469114626525
4,0.003372617381571147,0.00016532051995454822
5,0.0032610705328317215,0.0001628754916964681
6,0.0031161734118657666,0.00015183186769718304
7,0.0031960781071132096,0.00014678549632662907
8,0.002940029324889064,0.0001359964035145822
9,0.0029392079069601516,0.00014004839522385737
10,0.0027525994952063626,0.00014168660618452122
11,0.002827993121732456,0.0001456458994653076
12,0.002710928142709562,0.00018042143710772507
13,0.002693155504321345,0.0001655276082601631
14,0.0026229026769168484,0.00015205542877083644
15,0.002581007924909966,0.00017469096746935975
16,0.0026009444707783703,0.00017282406042795628
17,0.0024608140721773873,0.00016243484787992202
18,0.002504766515369575,0.00018405544687993824
19,0.002580507821291506,0.00017019703773257788
0,0.014277312009840105,0.0008744317601667717
1,0.006205895918239362,0.0003160519554512575
2,0.003771483498171736,0.00020963976930943318
0,0.013215114935286319,0.00033692588476696983
1,0.003739283316416475,0.00027687578040058725
2,0.003892073074940783,0.00027700880673364736
0,0.013414122925426524,0.00016432738266303204
1,0.004089960803424056,0.00020454298282857053
2,0.003393887669051018,0.0001422529803676298
0,0.012862246156705974,0.00030216597951948643
1,0.0037543488493284737,0.0002326209669263335
0,0.012989329927875541,0.0008754574082558975
1,0.009910388544085436,0.00035888551064999774
0,0.014370641523736337,0.0002329146627744194
1,0.003901142180742075,0.00022624509801971726
0,0.01361784665287138,0.0008591126534156501
1,0.007623219570422617,0.00025746347455424257
0,0.009874088568792034,0.00026196269027423114
1,0.003941383603840875,0.00019176122805220075
0,0.010570127394226475,0.00026798744875122793
0,0.012216258454524601,0.00021686975014745258
1,0.003596463681158359,0.0002447563729219837
0,0.013087640473177323,0.0008754678710829467
1,0.00792730508151297,0.0006403125080396421
0,0.01242425695557195,0.0002515910418878775
1,0.003789496836058485,0.00021802105584356468
0,0.012334707419750676,0.0003520998616295401
1,0.003615609836952689,0.0003334510220156517
0,0.012967892125836955,0.00025955396267818287
1,0.003918372739019851,0.00019079075718764216
0,0.01138221368959281,0.00032915523479459807
1,0.0038682647849409245,0.00024043398298090324
0,0.012500076865156492,0.00024021586978051346
1,0.003788627393078059,0.00024257956647488754
0,0.012675661602406763,0.0008813563035801053
1,0.007794334043865092,0.00031306522760132793
0,0.012548857069486986,0.0008813696185825393
1,0.00853625575909973,0.00041988393059000373
0,0.012035994424513774,0.000881430139997974
1,0.008173183742474065,0.000881430139997974
0,0.012437746602881817,0.00024322742683580145
1,0.003410747365524003,0.0002331811574549647
0,0.012207206246603163,0.0003169290084770182
1,0.003473849933288875,0.00027435926494945306
0,0.011679922850817093,0.00035160520019417163
1,0.003524597926298156,0.0002741490679909475
0,0.0354802667182715,0.00019157272072334308
1,0.004374619200974941,0.0002007945440709591
0,0.016113002497243147,0.00018182877010985976
1,0.0035161479532596273,0.00016372031950595556
0,0.011966579382528719,0.0003796004421019461
1,0.004639141732089532,0.00030017841163498815
0,0.01486982167728293,0.0008093267242657021
0,0.012989716099139351,0.0002570977867435431
0,0.016737968131798342,0.0008516329398844391
0,0.013142360085718488,0.0002194394828620716
0,0.01308563275326891,0.0002955682339234045
0,0.01312036945212943,0.0008167854393832386
0,0.012287310195880799,0.00018375541094428627
0,0.016375215521130044,0.0008516091693309136
0,0.014396919805455046,0.0008516368470736779
0,0.02355846918399971,0.0008516308735124767
0,0.012697424914968463,0.0008516368470736779
0,0.013537874716208674,0.0008516368470736779
0,0.015883792627555054,0.0008516122470609844
0,0.012188543928996062,0.0003171064508933341
0,0.012084270971125731,0.00021005239432270173
1,0.004978575960147935,0.00021851982000953285
2,0.003667901796199238,0.00023574895385536365
3,0.0036894497043715837,0.0002556112522142939
4,0.003524648318535839,0.00015427145262947306
5,0.0032943692287797323,0.0001431453847544617
6,0.0032006699994104938,0.00018621268463903107
7,0.0031863462313478333,0.00013033403865847504
8,0.003059818516843594,0.00013605764797830489
9,0.0028691894493441884,0.0001476422594350879
0,0.012256053308075748,0.00024331900931429118
1,0.0037762996007819683,0.00035227369880885817
2,0.00333361767750317,0.0001841174907895038
0,0.013651651812371058,0.0008510099723935127
1,0.0072003113749908665,0.0002764687906164909
2,0.004042311761832724,0.00030846885238133837
0,0.013972575081518302,0.0008494763460475951
1,0.007536310665249729,0.0003102408973063575
2,0.0037525384582411977,0.00024444105838483665
0,0.01321803121185766,0.0008499309114995413
1,0.006310870125068901,0.0003808712790487334
2,0.0039434470482564606,0.00031424009284819476
0,0.013193158129116712,0.0003230170132155763
1,0.0036100707746719797,0.0003466657617536839
2,0.003255734044777898,0.00027480642165755853
0,0.7921279156819369,0.8963517099618912
1,0.7638775820915515,0.8963514268398285
2,0.7638766643328544,0.8963514268398285
0,0.7986853856306809,0.8963687717914581
1,0.7639012382580683,0.8963522017002106
2,0.7638790126030262,0.8963514864444733
0,0.015473679632682783,0.00021420509619929362
1,0.0035843793474412402,0.00027837694688059855
2,0.0033494101953692734,0.00024940433104347903
0,0.012892126611684663,0.0003196168163412949
0,4926143898448607.0,0.41487936675548553
1,4926143898448607.0,0.5808435082435608
2,4926143898448607.0,0.6690455973148346
0,4926143898448607.0,0.4309498369693756
1,4926143898448607.0,0.586795449256897
2,4926143895007127.0,0.6924255788326263
0,0.012989411218605267,0.00032064265724329744
1,0.0034761317606003452,0.00029012528284511063
2,0.0034359787875870005,0.00023461703131033573
0,0.013139275329871079,0.0005005432103644125
1,0.0043185801526609184,0.0003028716218977934
2,0.0035559249898562064,0.00027393542040954344
0,0.012856886383349028,0.000850392556458246
0,0.013615569666935464,0.0002975095940200845
1,0.0038224012036479483,0.0002744017674558563
2,0.0033410092116518617,0.00029673654535145033
0,0.01434341720260608,0.0003057942340092268
1,0.0039995853831687085,0.00033068224729504436
2,0.0035009263310945616,0.0002562708996265428
0,0.012942390274241542,0.00028552674302773084
1,0.0035331316981822825,0.00024160757493518759
2,0.0034252791922951406,0.00024343821678485256
0,0.01326088833425624,0.0003238535882701399
1,0.0036203061467042575,0.0002974226117657963
2,0.0033352034303019396,0.00025374726828886196
0,0.014787300039106646,0.0008394506294280291
1,0.00719718640716448,0.00030064394013606943
2,0.0036317399988034503,0.0003434999016462825
0,0.014376944234708132,0.0005116704924148507
1,0.005462790100211397,0.0003394494287931593
2,0.0036105553866573013,0.0003657624220068101
0,0.013473994616502658,0.0004439652111614123
1,0.004941159224239154,0.00024690858481335454
2,0.003365142398531764,0.00018825048027792946
0,0.0135788595809852,0.0008240257448051125
1,0.005661743096798324,0.0003234226405766094
2,0.0037487278013708047,0.0003439593328948831
3,0.003583314577087712,0.00022905241530679632
4,0.00339495198307141,0.00035957121872343123
5,0.003188050590464487,0.00014540969004883664
6,0.0031627576166871362,0.00019798879020527238
7,0.0030858972186718183,0.0001338887841484393
8,0.002942323113996118,0.00014774607279832708
9,0.0026883004477265505,0.0001553981528559234
10,0.002762142872178139,0.00013288669561006827
11,0.0027567640804008055,0.00013772048168902984
12,0.0027840410173387052,0.00013713346197619103
13,0.0027097722206515474,0.00014156530869513517
14,0.0026476514933911413,0.00016310771752614528
15,0.0026276155560760973,0.00017172643674712162
16,0.002745048636615348,0.0002151711432816228
17,0.002620652742618217,0.00019070492453465704
18,0.0025756910994786243,0.00019168439212080557
19,0.0025881774453386567,0.00021482526244653855
20,0.0026141336379507077,0.00029839375929441303
21,0.0025145696434684885,0.0003004101090482436
22,0.002463665615113524,0.00027304276409267914
23,0.002413478958680151,0.00023425706604029983
24,0.002378702543538589,0.0002347777281102026
25,0.0023666279015835756,0.00026900430566456635
26,0.0024310443940264983,0.0002914703800342977
27,0.0023365308711967934,0.0002876761536754202
28,0.0022577399549146113,0.0002715114151214948
29,0.002169309566409375,0.00033532798988744617
30,0.0022144079790823758,0.00032471934537170455
31,0.002185691731238666,0.00036218890454620123
32,0.0020476218834608938,0.0004355161545390729
33,0.0021425596636478216,0.0004195539040665608
34,0.0020467054698831188,0.00039301147262449376
35,0.002039916839305825,0.00047335121780633926
36,0.0020353847594845155,0.00045980525101185776
37,0.0019225742438814053,0.0004752010208903812
38,0.001974635477101681,0.000457298694527708
39,0.001899838367162141,0.00038067677087383345
40,0.0019265056641112703,0.00042913926881738007
41,0.0018623770813111407,0.0004559998669719789
42,0.00180382782239646,0.00048780885845189914
43,0.001798558556728471,0.00043764678048319183
44,0.0017441522413252804,0.00040973026989377104
45,0.001728818551502907,0.0006110040339990519
46,0.0017620485721123165,0.0004036639475089032
47,0.0016091630474338904,0.00030476377651211806
48,0.001669850097991562,0.0003952339175157249
49,0.001648352606608592,0.00043184851529076695
50,0.001746421418852734,0.00047286079643527046
51,0.0016504159743467777,0.000367942287994083
52,0.0015917905941769744,0.0004307576164137572
53,0.0016097856871335981,0.0003641250623331871
54,0.0015897280850017874,0.0004542117239907384
55,0.0016092940665354642,0.00042595727427396923
56,0.001557844928286683,0.0002715098416956607
57,0.0015816989862054097,0.00038342188781825826
58,0.001553775364300236,0.0003983839269494638
59,0.0015015012568955382,0.0002764626333373599
60,0.001545946334749132,0.0003755633188120555
61,0.001509729907691228,0.00039824259147280827
62,0.0016127831216017979,0.0004908127011731267
63,0.001610685572347556,0.0003816488751908764
64,0.001522042684836122,0.0002962390317406971
65,0.0014928556586547086,0.000319777933327714
66,0.0015066623544463744,0.00021848179676453583
67,0.0015016992144340363,0.00035186841705581173
68,0.001534361465765426,0.00041853558650473133
69,0.0014808423608580294,0.00041724055336089805
70,0.0014701273418419685,0.00032252994787995704
71,0.0014229594541038983,0.0003518434132274706
72,0.0014170940428299124,0.00037298053939593956
73,0.001472037315696257,0.0003804244042839855
74,0.0014874299585920735,0.0004177747978246771
75,0.0015049220216893351,0.0003932760882889852
76,0.001434055560168464,0.000414893300330732
77,0.0014086954699730715,0.00038831964775454253
78,0.0014097626440977762,0.0003987897071056068
79,0.001445443624759672,0.0003319173010822851
80,0.0014621326977831838,0.00044860594789497554
81,0.0013346908592024986,0.0003756910846277606
82,0.0014174090463665123,0.0005210591043578461
83,0.0014086282968398733,0.0005765153327956796
84,0.00141913156188914,0.000557418868993409
85,0.0014820160018317462,0.0005350870487745851
86,0.0013444421860278966,0.0005488793322001584
87,0.00140667807901105,0.0004990008383174427
88,0.0013906599732506901,0.0005097202229080722
89,0.0014091686621563544,0.000588520553719718
90,0.0014284235490217374,0.00048403675464214757
91,0.0013822477677678808,0.00045109268103260547
92,0.0014211495301704137,0.0003775471413973719
93,0.001406102573897582,0.0004464766170713119
94,0.001427228616264004,0.0005918084207223728
95,0.001336512499106809,0.0006406379980035126
96,0.0013492342615604568,0.0006573066930286586
97,0.0013368338649086535,0.0006528873345814645
98,0.0013857235976618726,0.0005652409454341978
99,0.0013660386675604596,0.0005596300325123593
0,0.01309162628529474,0.00031679046696808655
1,0.003773211154158418,0.00028851492425019387
2,0.0034891603046652074,0.0002877901824831497
3,0.0032388468829688067,0.00019198437166778604
4,0.0031467051993762977,0.00033696298123686574
5,0.0030271661790977353,0.00019649206660687923
6,0.003521986034451029,0.00015313742642319994
7,0.0028166928961395454,0.0001693521517154295
8,0.0027538264742664373,0.00014450179423874943
9,0.0027186806583836772,0.00016077303644124186
0,0.016328390164581392,0.00022814674775872845
1,0.004296885446633379,0.0002040295648839674
2,0.003083237577811815,0.00018579596962808864
3,0.003630218531142395,0.00019961827638326213
4,0.0030267757696818966,0.00013970002237329027
5,0.002896946192963813,0.00015749764224892715
6,0.003005980189556841,0.00013519432377506746
7,0.002730892942987012,0.00013357582611206453
8,0.0026302988868944035,0.0001296084947171039
9,0.0024719459727818435,0.00013192538790463004
0,0.012840916588827848,0.000270502985586063
1,0.0035396578131416715,0.00041270875590271316
0,0.009336870943970456,0.00015505479314015247
1,0.003323873118929579,0.00015935511380251098
0,0.01246303389074676,0.00029059236424343126
1,0.0045807749607554415,0.000202449629536464
0,0.010131032337305827,0.0002363352375271331
1,0.003466526451423609,0.00014261779506341554
0,0.0093278182080901,0.0001445496356089799
1,0.0033910057791217696,0.0001593902961758431
0,0.03339871823449026,0.011756967520341277
1,0.025403629720323916,0.013665001107645887
0,0.008481083776242678,0.00022373172084501545
1,0.0037646767668775283,0.0001998788336225386
0,0.009607863075044324,0.00024681363824389076
1,0.0035415127723271407,0.00016126653957014372
2,0.003169040465956751,0.00017649769038793499
3,0.0030607936541579847,0.00016758303952104012
4,0.002883507303935899,0.00013101053783819743
5,0.0029899788661912844,0.0001451364551030565
6,0.0026374019086660787,0.00013468970999903313
7,0.0026696752581549595,0.00015596596598957798
8,0.0026169951195311805,0.00014658259065721983
9,0.002517041167624429,0.00016830369194004952
10,0.0025062945474708226,0.0001685192120411167
11,0.00267616623441978,0.00016284099131423448
12,0.002314393213799287,0.00019113663750301515
13,0.002325601171337026,0.00022940537538878352
14,0.002256770662577103,0.00019190474475700675
15,0.0022513540050457586,0.00018112459032896107
16,0.0021283455641947294,0.00019063429915279682
17,0.0031157095198233783,0.0001908330003581276
18,0.004567170901502708,0.00022171376206512962
19,0.003036464594488004,0.00014144100350677036
0,0.01215559288520569,0.0002480906114215031
1,0.003713113949066983,0.0002715829832595773
0,0.013478942493048426,0.0003185437344654929
1,0.004137716121756687,0.0003230346119380556
0,0.012845935106713276,0.0008511979467584752
1,0.005521799305055398,0.00021970888974465197
0,0.009956485772184378,0.00021586794589113976
1,0.003383404686963221,0.00016371916561703465
0,0.0184999248647893,0.00024895902242860757
1,0.0031308833823652203,0.00022718621403328143
2,0.002919628500504504,0.00017573443801666144
3,0.0029139234049415045,0.0001593360693732393
4,0.002820765632239989,0.00015364889895863598
5,0.002804039726139639,0.000144691274726938
6,0.0026334393028677864,0.00013445534477796173
7,0.0027834811670331737,0.0001448198918296839
8,0.0027262638353876714,0.00014231636851036455
9,0.0025397809804417193,0.0001313060106440389
10,0.0026221768366116466,0.0001326673573203152
11,0.002728086509071573,0.00013478414530254668
12,0.0025007631678211815,0.000138755674015556
13,0.002682016131461062,0.00013398647752183024
14,0.00242523077979444,0.00012965354972038767
15,0.002595715072168263,0.00013181744998291833
16,0.0026588244906055147,0.0001291350895371579
17,0.002548665497504937,0.00013119228333380306
18,0.0024276312998898156,0.00013570830105891218
19,0.0024599023582237405,0.00012725492069876054
0,0.020615464779301405,0.0002054555287551401
1,0.0029871568509737367,0.00018406931485515088
2,0.0028918396715060667,0.00017609097786979483
3,0.0028731493148370646,0.0001795065847025918
4,0.002870610274399179,0.0001730904186842963
5,0.0028600888196678802,0.00016191663287047829
6,0.002713310447826657,0.00016175993368960917
7,0.002760510543091434,0.0001593553731384288
8,0.0027258165763200714,0.00016177339836888547
9,0.002602923424230098,0.00015751836222729513
10,0.0026806219920575986,0.00014864487976800383
11,0.002674112026535581,0.00014875550758525996
12,0.0027426462662388626,0.0001566713087543446
13,0.002623180184331652,0.00013407018351634697
14,0.0026308347327303086,0.00014146873893748437
15,0.0025216667371833782,0.00013824135073394115
16,0.002540786232257784,0.00013441345799947158
17,0.002625438483929346,0.00013828516551127125
18,0.0024856495360974363,0.00013782589459359379
19,0.0025141755783503563,0.00013497734159630324
0,0.01516994524387304,0.00014568892324210277
1,0.0028464173206664395,0.0008083509580631341
2,0.002597138396319651,0.0013797199020960502
3,0.0025563852029859627,0.0018144388533463435
4,0.0025284473259957986,0.001887555733057005
5,0.002443915091465566,0.002244974087391581
6,0.0024124006628302263,0.0021981391723134686
7,0.002314363167732319,0.0026460514969325493
8,0.002300642096970202,0.002625574673792081
9,0.002342833602266513,0.002053321073097842
0,0.009046186968837654,0.00019929691708447144
1,0.0034811216549618016,0.00016611964955310604
2,0.0031140788416836804,0.00013079022807817507
3,0.003003337657102031,0.0001832812392551984
4,0.0028147084184721198,0.00026075147408326823
5,0.0027088126556588,0.00023616310500074178
6,0.0026769351884881457,0.00023781572235748172
7,0.002537518752488364,0.0005223295801053089
8,0.0024077510209859943,0.000477574734499545
9,0.0025399639031975034,0.0005649373550633234
10,0.002288219579812986,0.0005389338849844145
11,0.0022978039090627467,0.0005901854643265583
12,0.00219139539309033,0.000455388574794467
13,0.002168795368506284,0.000580927446467935
14,0.0021332142032130805,0.00042942484911431426
15,0.002012891819807313,0.0003735876390627319
16,0.002042645648819444,0.0005163944525910276
17,0.0019450828649772147,0.0004519893970739629
18,0.001929231016578287,0.0006075767014408484
19,0.001974496042473192,0.0005696476956862691
0,0.008364534716582222,0.00025934562810497094
1,0.003437001259567985,0.00020552182104438543
2,0.0030480117275146767,0.00020405486949519918
3,0.002973394794411654,0.0004157301487534174
4,0.0027691322362498436,0.0007736200558221233
5,0.002691699158414408,0.0007059043356483537
6,0.002564236800577474,0.0010037947046969617
7,0.0024852113486055964,0.0010525568795856088
8,0.0023998722659378086,0.0012435945391189307
9,0.00244793200126327,0.0009816598862276546
10,0.0022465999629110393,0.0010662589421761887
11,0.0022632792564708684,0.0011074655007437936
12,0.0021769634133141317,0.0016440862008104368
13,0.002113788969092473,0.0014088221942074597
14,0.0020537398210735496,0.0012360117689240724
15,0.002001728441951634,0.0017373742386033492
16,0.0021144595823099016,0.0017961579058984561
17,0.0019502378455592516,0.0016264516244908528
18,0.0022228592799475528,0.0014525944383681885
19,0.0018038054668894883,0.002016581511790199
0,0.005529185223121654,0.0002356850421204834
1,0.002751272533200193,0.0001990097358113575
2,0.002629753076946898,0.00016946461540140697
3,0.00243100371449375,0.00021434090491390594
4,0.0024023282985213847,0.00015376675480144078
5,0.002315263342134498,0.0001565618527503988
6,0.002259248876891268,0.00015923692215279596
7,0.0022016353537177144,0.00016483287056515743
8,0.002150293170177405,0.00016463044701832467
9,0.0021500509388495243,0.00016873937515217972
10,0.0020848701109056804,0.00017545744049130008
11,0.0020374979052061775,0.00017266236310483097
12,0.001962226470428192,0.0001694638812414664
13,0.0018958543247631174,0.00017563981489966744
14,0.0018912810440756724,0.00018223669584309076
15,0.0018525473609255954,0.00016898204929653414
16,0.0018530234101214746,0.00016782525681660246
17,0.0018404409819770006,0.00016413870031575917
18,0.0017281925801481439,0.00016222410815079576
19,0.0017121170359876653,0.00015764695213558457
0,0.0061221678143104355,0.0002671663476813473
1,0.002685015530115572,0.00016749112135426992
2,0.0024884730910619537,0.00019804500057627752
0,0.03101264194812775,0.00021203030649738375
1,0.003054507182792859,0.00018228179428463235
2,0.0031284927419178666,0.00017845699087205423
3,0.002751703351451498,0.00017543652266676477
4,0.0026762232677484837,0.00018196776541710437
0,0.026211630412081383,0.00020508210032541842
1,0.003005503569125501,0.0001972282593867377
0,0.031933609456411265,0.00021930107611652878
1,0.0030217310133152887,0.00019019946767398125
0,0.02582680669942732,0.0001987432816626413
1,0.0030534291118333432,0.0002272353458465659
0,0.03022006471674287,0.00018951374678853546
1,0.0030545077593941267,0.00016757196499384008
0,0.026783402119892545,0.0002793428602276633
1,0.0030476656300177435,0.00021935744470006878
0,0.0363092665553782,0.00015179824209632858
1,0.003335141024294761,0.00016532965294217044
0,0.03143400111425441,0.0001796607514378316
1,0.0029796658790740304,0.00016698172642107872
0,0.030606480714549883,0.00024717963661596116
1,0.003142872819532358,0.0002313771534001875
2,0.0028624602718716205,0.0002158959769471751
3,0.0028076055427708056,0.00020838552530261475
4,0.0026761011586039778,0.00017066115145533567
5,0.0027263783527502316,0.00019097090898867464
6,0.0026366366119790737,0.00020092687989982431
7,0.0025050811025060034,0.00017695814368261895
8,0.0026207906589248028,0.00017634530203118314
9,0.002643711140292292,0.00017679036935315588
10,0.002496730171946863,0.0001743620220583145
11,0.0025736708286253035,0.0001762635617089235
12,0.0024663957642909315,0.0001811790711856346
13,0.0024707823366484126,0.00018169659921588155
14,0.002409382181286499,0.00017941149939281826
15,0.0024786494655798913,0.0001832028678029968
16,0.002470194233286417,0.00018086826489509448
17,0.0024532518434051496,0.00017946696868381443
18,0.0024647221437066255,0.00017991757759654834
19,0.002393192134232694,0.000184825664647455
20,0.002381064614915757,0.00018232657804100714
21,0.002440007743184605,0.00019127951544879065
22,0.0023805386515941608,0.0001863304767776635
23,0.0023589664174094175,0.00018540921780146638
24,0.0024367526825561513,0.00018720982560531095
25,0.002335785450255075,0.00018137811916265332
26,0.0023818004629176377,0.00018360092279022945
27,0.0023826755409251258,0.0001854085066556961
28,0.0023439514998704046,0.00018504200354231136
29,0.002360987951540279,0.0001921892587985064
30,0.0022816568407047224,0.00019204069101998238
31,0.002306667286235336,0.00018876440512742747
32,0.002300344785007929,0.00019841830607733954
33,0.0023076462378348235,0.0001893119770893068
34,0.0023673779704940804,0.0002179832706093768
35,0.002275277886975814,0.0001879753873135601
36,0.002273636716390775,0.00019205214092558575
37,0.002291556900268511,0.00018853577674472825
38,0.0022896835470961343,0.00018979230971245156
39,0.0022376197976156638,0.00018790834363481616
40,0.0022300316005853483,0.00018252697634085527
41,0.0022171819954831273,0.00018541826545475962
42,0.002253763796943531,0.00018748701910700893
43,0.0022421166810788853,0.00018331142121536212
44,0.0022410188445946637,0.00018006726903600477
45,0.002215646342415541,0.0002079266484108065
46,0.002209219299530936,0.00019505294577633637
47,0.00216894978514418,0.00021841842048477542
48,0.002185010309670296,0.00018592689617514185
49,0.0021560598914845165,0.00017967303772267135
50,0.0021561843804734928,0.00019472266839052875
51,0.0021456305952633923,0.00019275246204810884
52,0.002180044976785671,0.00019788260800376756
53,0.002184958014873296,0.00019064815063282603
54,0.0021735141561642956,0.00018589643636717128
55,0.0021340458920395128,0.00019201420661335325
56,0.002124822934634685,0.00019033976351910616
57,0.002109559524383671,0.00020035190027556382
58,0.0021590690353288223,0.00018019683754929523
59,0.002127316991850467,0.00018414389223439883
60,0.002117779843364119,0.00018149008760899406
61,0.0020599043408296757,0.0001768127070175504
62,0.002093356638957777,0.00017541391381477612
63,0.002063420406024435,0.0001772356318606003
64,0.0021268375598946926,0.00017570804368955103
65,0.002093368090157523,0.00017440356761811847
66,0.002057145679194064,0.00017630471998215754
67,0.0020182888160291835,0.00020558191523456986
68,0.002022734022867011,0.000186114206134453
69,0.002003248897528116,0.00017355573357275242
70,0.0020443186966241974,0.0001792946345828924
71,0.00204606615867912,0.00017055631510827325
72,0.002013402907874534,0.0001702608133991421
73,0.0020228508501072564,0.000167822371029457
74,0.0019598441691285723,0.00017264559842853646
75,0.001983795932702755,0.00016527512731124222
76,0.0019757807079653815,0.00015856781884276248
77,0.0019361771030180718,0.00017238044375003284
78,0.0019708403596810932,0.00015841950168934366
79,0.0019649527636434556,0.00015865867000842547
80,0.001953508260286448,0.00015944757227692247
81,0.0019604927751097788,0.0001580839463871519
82,0.0019314245133923256,0.0001612824544281466
83,0.001929372243264677,0.00016114139733595633
84,0.0019066011175369805,0.0001734042360745345
85,0.0019342283567587428,0.000164438215585466
86,0.0018899510654444734,0.0001505894848852894
87,0.0019077710347100763,0.00015698772831060722
88,0.001868177736910046,0.0001650166279195337
89,0.0018422435219470185,0.0001604699800736853
90,0.0018698778544373885,0.0001508128805099936
91,0.0018534996571462317,0.00015470202474123494
92,0.0018760847927875477,0.00015151810910775447
93,0.0018882537348661277,0.00015094181340511727
94,0.001865483607910603,0.00016288033277859265
95,0.001876507971614083,0.00015986579772130506
96,0.0018488443198808142,0.00015075859901907793
97,0.0018692977734249923,0.0001647651045103608
98,0.0018121124025992227,0.000151315708733265
99,0.0018439016931928692,0.00014944103563523285
100,0.0018272863974220165,0.00014923236884224815
101,0.0018587111909540118,0.00015362354869189997
102,0.0018153442626700983,0.00015377832665842067
103,0.0017760193003770763,0.00015781805940724038
104,0.001850944775662466,0.0001498770980897066
105,0.0018432137232887937,0.00014847345917824777
106,0.0018107526230420317,0.0001468830362326749
107,0.0017965477868850516,0.00016145515244557907
108,0.0017524120326612835,0.000144378537579146
109,0.0018272593370424184,0.00014807014928880128
110,0.0018038733597319206,0.00014676598402729724
111,0.0017802353775164881,0.00014371453716708146
112,0.0018423098515609815,0.00014248306884521457
113,0.0018219597614098357,0.0001434857646887869
114,0.0017722442425285334,0.00014547730817234285
115,0.0017702151314799928,0.00014477352100505453
116,0.0016949075663910892,0.00015497946890758138
117,0.001755530279434893,0.00014180208089111028
118,0.001730932609728306,0.00014566914891791225
119,0.0017309198947535178,0.00014272314824072805
120,0.0017065669702549142,0.00014682801188230414
121,0.0017345764888409346,0.00014580016732393034
122,0.001719486608543766,0.0001411259753418246
123,0.0017329830202240804,0.00014584705086631203
124,0.0016948318670708404,0.00014258625465710952
125,0.0017067131481569664,0.00013907602909097002
126,0.00169843121048788,0.00013777496259654467
127,0.001649491929422977,0.0001401047467642575
128,0.001715661568173667,0.00013945850538299925
129,0.0017234695169096048,0.00013826325922981715
130,0.0017062966761280985,0.00013926519180961844
131,0.0016714917241592451,0.00013772266285504094
132,0.0017180329754171338,0.0001391231648797301
133,0.0016889603792316682,0.0001363303808434664
134,0.0016652052258767512,0.00013762954269781324
135,0.0017205784673510929,0.00013728853588437906
136,0.0016852031470566866,0.00014566864074763345
137,0.001662922807526863,0.0001405644117134532
138,0.0016880470505044524,0.00014082224009578803
139,0.001666396684955507,0.00013741092025947697
140,0.0016713928572161503,0.00013366297523885885
141,0.0016724632260968174,0.00014286361942061416
142,0.0016720012878490384,0.00013597735612521595
143,0.0016623016080936368,0.0001421217555063144
144,0.0016342127077627487,0.000135875056714766
145,0.0016354361765902146,0.0001453733734904191
146,0.001644760007044592,0.00013529794349502166
147,0.001681974344918295,0.00013208873465571187
148,0.0016040225542530257,0.0001328376053171941
149,0.0016393165921607476,0.00013031181863524304
150,0.0016684646122916771,0.00013068052011595168
151,0.0016517528438271256,0.00013059434636291016
152,0.0015848440897010586,0.0001322622202955561
153,0.0016366669628262048,0.0001329464643197792
154,0.0016210734583632937,0.00013255905516574705
155,0.0015977738064865468,0.00013076624837476234
156,0.0016316925204334595,0.00013147319591750957
157,0.0015981503216203742,0.0001296793639282797
158,0.0016152208063247582,0.00012956450170705742
159,0.0016084273811980947,0.00013141086516122374
160,0.0015817267710621988,0.00013013446305589952
161,0.00163242407988303,0.00012975673748967338
162,0.001600392032475675,0.00013263647926341156
163,0.0016268877701014674,0.00013055740767057338
164,0.0015973709486563092,0.00013065066338205489
165,0.0016168614559438823,0.00012921077849687603
166,0.0015731545283985053,0.00012914889734731886
167,0.001589481063928535,0.00012913567440156603
168,0.0015764065090920528,0.00013036959416754342
169,0.0016119940694191638,0.00012912327933325128
170,0.0015765683466738803,0.00013383252142217395
171,0.001555165229317458,0.00012823164006872304
172,0.0015913572037375575,0.00012659594548218277
173,0.0015783888355769585,0.00013132671602247484
174,0.0015457755560952008,0.00012782642696275497
175,0.0015547771600548078,0.00012850198808060352
176,0.0015641875188613095,0.0001274766898701352
177,0.0015899454956433137,0.00013282518826283353
178,0.0015780293562067636,0.00012716343640615537
179,0.0015952138472295535,0.00013028237425833535
180,0.0015796602300807453,0.00012886909557298918
181,0.0015985782653539597,0.0001267377595903109
182,0.0015672882032003595,0.00012612845318432412
183,0.001559409604566889,0.00012602462099849893
184,0.0015972317213516253,0.0001289805629272925
185,0.0015437038925456088,0.00012518109803710578
186,0.0015647290158379503,0.00014247848617821506
187,0.0015867481051644045,0.00012651558767095634
188,0.0015542095870015064,0.0001257397873458736
189,0.001567215302349374,0.0001275121971759844
190,0.0015519523540389873,0.00012569727946158864
191,0.0015381715729745338,0.00012554793363011888
192,0.0015798031107797123,0.0001265851028817807
193,0.001536856314505896,0.00012806650825634438
194,0.001543680987849413,0.00012749674723359615
195,0.0015362045133871208,0.0001253182276148278
196,0.0015924869340328816,0.00012573494875497366
197,0.0015154594982849437,0.00012693972570085188
198,0.0015214358630725076,0.00012471156712664472
199,0.001550771879423833,0.00012544829816919366
0,0.013492119646385121,0.00029602915010005034
1,0.00384809115598498,0.00026734174349732473
2,0.003600549641920923,0.00025661722160610066
3,0.0031993191099385825,0.00016305940532576008
0,0.18443243598772419,0.20644741278627646
1,0.17036672935567118,0.18811196931030438
2,0.1550782083938218,0.16859331079151318
3,0.13866090076514567,0.14871490584767383
0,0.16337584218744075,0.16225669306257498
1,0.11211487816439734,0.09926868554042734
2,0.06356963107475277,0.04948601450609124
3,0.03298648048869588,0.0215076036427332
4,0.017736098752592248,0.008953259771932726
5,0.011625984677753288,0.0038537635852623243
6,0.008872696334928876,0.0018750507784399974
0,0.017864265647596876,0.00020607571007966052
1,0.0027362663098793203,0.00020465714327577228
2,0.0026422439513124926,0.00018815233500430148
3,0.002535720886163575,0.0001687565612013239
0,0.02353764585198157,0.000231770038621819
1,0.003054414833637896,0.00019629924926171637
0,0.03551539296666195,0.00015369544238954245
1,0.00321190096465124,0.00017795008344641562
2,0.0029827884356398663,0.00019106283561205086
3,0.002890675187966671,0.00017619718389893103
0,0.006608443867388352,0.00013996924705376537
1,0.002345569711869574,0.0001373227040251853
0,0.0067806525401364936,0.0001516548917000667
1,0.0023365335326426665,0.00014850888237560866
2,0.0022503281912787457,0.00014575397729762093
3,0.0021882188405621334,0.0001393361401369475
4,0.0021688979677994906,0.00013684778878086945
5,0.0021185993840543544,0.00013335673452274932
6,0.0020690004477554834,0.00013048478967903065
7,0.002041455216522767,0.00013871805936105375
8,0.002035870755774445,0.0001335383606904846
9,0.0020112902881403135,0.00012926666689357566
10,0.001985308754777193,0.00012849156928496086
11,0.0019338420982115455,0.00013087867713087084
12,0.00193349269839978,0.0001273408727987165
13,0.001913653302717054,0.0001270329643527172
14,0.0019298397581854684,0.00012662875481813293
15,0.0018713864756411118,0.00012524971225502668
16,0.0019098587116370904,0.00012624483648930132
0,0.005764581393228198,0.00017191721872222843
1,0.0029709257474157436,0.0011048008091165684
2,0.0027165319026160014,0.00044820946641266346
3,0.0025694922511302048,0.00013032092480595262
4,0.0024779258467299142,0.0004344418521213811
5,0.002435541709846391,0.0008023858220743326
6,0.0023533329276962385,0.00033930143460262724
7,0.00230201440575198,0.0006702030186716001
8,0.0022830800340515583,0.00034441844339501887
9,0.002153530572839409,0.0003636424589785747
10,0.0021473782510121105,0.0003219027263791456
11,0.0021542862578922293,0.000558233125047991
0,0.005718545212636201,0.000139149683946016
1,0.002897814324244988,0.0001616071062926494
2,0.0026828262900252683,0.0004711433163417193
3,0.002515552796384825,0.00040952122314289835
4,0.002463580428589903,0.0007101728454775488
5,0.002407976805557726,0.00020326995460588174
6,0.0023424509681214873,0.0002615850480651716
7,0.002351034665772757,0.00035947544893133454
8,0.002240052919843042,0.00044185592196299694
9,0.0021185692943499223,0.00019206957464727262
10,0.0021546982952987954,0.0001263480488281251
11,0.0020706713716318157,0.0007796129308796177
12,0.0020899681769160497,0.0004325443660491146
13,0.0021061001673262406,0.0006942627320919806
14,0.002130714207700449,0.00032309594947340276
15,0.002058298922341022,0.0006674981365601221
16,0.001938781591048043,0.00029531837632627383
17,0.0019154846435705266,0.00016163423424586654
18,0.0018905758793815624,0.0005007528549564692
19,0.001977128096494646,0.00015101297928291993
20,0.0020600579683838563,0.00022882209547484914
21,0.001900964870963517,0.00020073193869999764
22,0.0019051207703126983,0.0002411964251223253
23,0.0018146048045053788,0.0001892101557435429
24,0.0018770707623176652,0.0003081125341850566
25,0.0018715239709112138,0.0002980944621716238
26,0.0017252992883958764,0.0002294523231588149
27,0.001790159474648816,0.0002952589796526202
28,0.001730624454572151,0.00022787808544914392
29,0.0019172696215650489,0.00014815064787399024
30,0.001740052665823055,0.00021403220004382698
31,0.0018403308920769358,0.0003619422022893559
32,0.0017574362935183626,0.00035721092111392255
33,0.0016958473650849747,0.0002070508780889213
34,0.0017375336351117643,0.00023076755557364473
35,0.001715170984942087,0.00011143272755968307
36,0.0016940419710458879,0.00030478961768191465
37,0.0015730223349785788,0.00033694980993459467
38,0.0016119969750891425,0.00012523473196779378
39,0.0016896585701252848,0.0003964477073168382
40,0.001682514929602826,0.00016034131476772018
41,0.0016758464586548974,9.9728646849447e-05
42,0.0016861922094035641,0.0001033970129356021
43,0.0017301436902249663,0.000441820240666857
44,0.0016840624033026491,0.00021638532598444726
45,0.0015592408518894253,0.0005071217789615426
46,0.001627946356878892,0.00018458373839772926
47,0.0016098565063100009,0.00022340913589384095
48,0.0016590578368357173,0.0003509443922666833
49,0.0016376996412800144,0.00018305947984723994
50,0.001706199542588283,0.0001888253100332804
51,0.0016335578080022184,0.00019651450747915078
52,0.0016035485303236509,0.0003719605956575833
53,0.0015890663264473742,0.00011156684468005551
54,0.0016642596935557937,0.00012996325222047744
55,0.0016462990146711815,0.00011207691568415612
56,0.0016361960244201822,0.0003173372018257699
57,0.0015831640226843687,0.00011624183874422063
58,0.0015838080979111468,0.00014025312975718407
59,0.0015294652087564215,0.0002603423466401485
60,0.0017072370398851654,0.00019991119673553234
61,0.001607465422728354,0.00014234847549232654
62,0.001619063772029482,0.0002992246372741647
63,0.0016407755229285164,0.0003876006109445977
0,0.01586210265189372,0.0425613199477084
1,0.00671520868746854,0.04195873986463994
2,0.00381419699651952,0.044008160126395524
3,0.002747399853858348,0.05127716048931082
4,0.0023794367824021222,0.04101035670222094
5,0.0020095370777171275,0.04863751396381607
6,0.0017323681576313199,0.05219378609520694
7,0.0015203737144547996,0.03933451107392708
8,0.0014066189361078636,0.04511253679326425
9,0.0013191298755405275,0.04704141531450053
10,0.0012664742741193248,0.04546091022590796
11,0.0012547661209287094,0.0402070467825979
12,0.0010920725332867896,0.04214243827542911
13,0.0009900691556912757,0.03957915244003137
14,0.001001940430732837,0.04085162020055577
15,0.0008978347468655556,0.04137913063944628
16,0.000905878410803917,0.039212953221673764
17,0.0008210663590258474,0.04794476988414923
18,0.000829708160719619,0.044444421267447375
19,0.0007948738551492705,0.03662331918409715
20,0.0007790236715718767,0.045277630405810974
21,0.000749328183020458,0.045065977067376174
22,0.0007241966367240565,0.0353437524366503
23,0.000691436732848334,0.046619056219545506
24,0.0007392280450910938,0.04930510139092803
25,0.0006697942584258125,0.048106567158053316
26,0.0006542311031862756,0.05283131264150143
27,0.0006446839602656508,0.046099563711322844
28,0.0006340579939251485,0.045099635259248316
29,0.000599336320873357,0.04118395891661445
30,0.0005876692915779899,0.046852382947690785
31,0.0006260266088416693,0.045465966958242156
32,0.0006075187420399962,0.04312528444764515
33,0.0005725081789923888,0.043093847072062395
34,0.0005188601540639089,0.04272702006467929
35,0.0004988783319587772,0.045004955609329045
36,0.0005762282826665124,0.03885996306780726
37,0.0005371541285158449,0.04532510977393637
38,0.0005245967629926054,0.04519626288674772
39,0.00048383054884803487,0.040381324205858014
40,0.0004932701262416102,0.043186794694823526
41,0.0004738764079441504,0.04217396773553143
42,0.00048429729772647424,0.03847542327518264
43,0.00048414406876475197,0.03598983015399426
44,0.00043180071093298813,0.04089178432089587
45,0.00047821808918192046,0.04111155855935067
46,0.00045586483124977013,0.043341585784219205
47,0.0004719046139975556,0.03925192480285963
48,0.000435710848799331,0.04787688973980645
49,0.0005379981485569274,0.04199534538201988
50,0.00043492503616322374,0.04280071018729359
51,0.00039588329377122006,0.04639560682699084
52,0.00040713841099661763,0.037027831422165036
53,0.00039133724744692586,0.04011480991418163
54,0.00040548905707139934,0.03658460616134107
55,0.0004112902622442955,0.043229282018728554
56,0.00040034892950259644,0.04719971586018801
57,0.0003978879000928988,0.03987445333041251
58,0.0003831217418794506,0.04218271370821943
59,0.00036152996994928227,0.04454277323869368
60,0.0004084974691671338,0.05158683564513922
61,0.00036812213873408794,0.03855162311811
62,0.00033879509933811176,0.04084560857154429
63,0.00033870036861857506,0.044666607941811286
64,0.00038846718494303,0.037892353720963
65,0.0003714920512263677,0.03773998158673445
66,0.0003341319773348526,0.036795359143676855
67,0.0003793715611881174,0.03891316083415101
68,0.0003961902228769046,0.04226455853010217
69,0.0003004827972724694,0.044763860564368464
70,0.0003360579643934092,0.037515875262518726
71,0.0003373527659680086,0.043689932907000184
72,0.0003520392212942453,0.03999431101450076
73,0.0003627878130595235,0.042634551568577685
74,0.0003206142591898699,0.0428921210890015
75,0.0003026054059522374,0.04196420482670268
76,0.00029756110188599216,0.04335031297523528
77,0.00030646994606862033,0.04176240197072426
78,0.0003102747139921084,0.040359322990601264
79,0.0002741389819049398,0.04556010322024425
80,0.0003420351905566605,0.04176304481613139
81,0.00027627058944520983,0.04109243404430648
82,0.0002955592559858508,0.042114927200600505
83,0.00031132740911913,0.04777691994483272
84,0.0003011052852814453,0.039035550939540066
85,0.00027273451738968026,0.049368653912097216
86,0.00030697111040938775,0.04448787666236361
87,0.00027743142676462496,0.04218787478748709
88,0.00029451801462377416,0.04041242727544159
89,0.00025055460774002774,0.0418758118369927
90,0.0003008369337417824,0.03950015676673502
91,0.0002761389328203113,0.04289606721916547
92,0.0002639152333349511,0.04255394986830652
93,0.0003168755494479041,0.043685210325444736
94,0.0002789794774771371,0.039002376686160765
95,0.0002848536595725571,0.03653325914638117
96,0.0002709416671563642,0.03999297596359005
97,0.00027847950191449975,0.03730971804664781
98,0.00029174616118590583,0.0409894190573444
99,0.0002839047356338144,0.042085474473424256
0,0.015197975146841614,0.0348252501571551
1,0.007475158916879913,0.040185630593138434
2,0.0039475867858194,0.0504032540290306
3,0.0029931942149575555,0.04109734836189697
4,0.002502844070175653,0.04950107855256647
5,0.00196868332539306,0.042369174965036414
6,0.001987245479796372,0.04206359227343152
7,0.0016630476519954509,0.042959690714875855
8,0.0014384874008448523,0.03350745481050884
9,0.0013382299515084088,0.04513135086745024
10,0.0012658572245047583,0.03875574293003107
11,0.0011899818124567819,0.047422942821867764
12,0.0010740282407425924,0.04100073800267031
13,0.0010601768039644288,0.05555808365655442
14,0.0010048579679095377,0.04548653521730254
15,0.0010265190366084626,0.04589344894823929
16,0.0009450170002502142,0.04748268437106162
17,0.0009576184058652012,0.045731662500960134
18,0.0008352525010424193,0.040905452837857105
19,0.0008141845165624345,0.03995132368678848
20,0.0008119693334973721,0.03683757710192973
21,0.0007699312451798656,0.046801324506911136
22,0.0007443439395163424,0.04156932975941648
23,0.0007436669331225894,0.051613000027524926
24,0.0007152343859156622,0.039958743999401726
25,0.0006521542980856305,0.038238714332692325
26,0.0006256385935393241,0.04637325112707913
27,0.0005935518440776434,0.04377664707135409
28,0.0006202222363968923,0.03654924857740601
29,0.0006002395438093542,0.03826880548149347
30,0.0005702247075916703,0.04599406601240238
31,0.0006121073467200669,0.04516089013001571
32,0.0005578946705524992,0.04085351957473904
33,0.0005714750561913494,0.04032229678705335
34,0.0005604052086490623,0.04195322596933693
35,0.0005730801505029632,0.04285967284037421
36,0.0005344950123301042,0.0474494700320065
37,0.0005496852578865552,0.04046780918724835
38,0.0005230285923743162,0.044246654103820525
39,0.0005040141232030925,0.04674015201938649
40,0.0005162957269346211,0.040544882765971124
41,0.0005299337406074699,0.04177925999586781
42,0.0004898208594499577,0.04272232910928627
43,0.00044608049646187244,0.04039331308255593
44,0.00048498995075629435,0.04605037691847732
45,0.0004654212266290982,0.04141833978549888
46,0.00044637362899910423,0.042707259650342166
47,0.0004265719807011206,0.044258347091575466
48,0.0004293798969110273,0.04791378780889014
49,0.00040225036629187833,0.04026196322714289
50,0.00043303313336467335,0.04211559422158947
51,0.00041645069788830196,0.03753212086545924
52,0.0004018029925207509,0.04776611058817556
53,0.0004060216223611613,0.041203734503748514
54,0.00040576309859272953,0.04342994097775469
55,0.0004696031956612858,0.03972916964751979
56,0.0003990141490820079,0.038846821058541536
57,0.00038156391474788065,0.04361384431831539
58,0.0003929106813247653,0.03882192242114494
59,0.0003758623175078479,0.043841606355272233
60,0.0003857685057926062,0.04248700438377758
61,0.00035168859041056095,0.040074850471379854
62,0.0003629612198787456,0.04046475673870494
63,0.000365282334963529,0.04301195599449178
64,0.0003209298290619416,0.03667389900268366
65,0.00033993846097734085,0.038749843331364296
66,0.0003105507926718828,0.04713881042941163
67,0.00035762594918891245,0.04199375945609063
68,0.0003069314096768237,0.04049719210403661
69,0.0003499356429364612,0.041410701077741884
70,0.0003739581802048505,0.04621378281929841
71,0.0003194236604981803,0.039923606906086206
72,0.00036053212632889623,0.04355196363758296
73,0.0003589265519137677,0.04495994028790543
74,0.00029420041172483223,0.04168714447102199
75,0.00027858689036887216,0.04912057592688749
76,0.0003374339498416579,0.03837318578734994
77,0.0003443871779500708,0.044461017940193415
78,0.0003177571807420244,0.040825338335707784
79,0.00030159802828627597,0.03999478703675171
80,0.0003026580212353471,0.04178811652430644
81,0.0003011060758745684,0.04046808664376537
82,0.0002665985031771513,0.040566123090684414
83,0.00031228233462602637,0.04317963445403924
84,0.00030745392608302457,0.043757286737672985
85,0.0003078689601238122,0.04107766800249616
86,0.00024715119728733125,0.04099503248774757
87,0.0002952897276788723,0.04264020675327629
88,0.000273057198852193,0.04395589709747583
89,0.0002850695218421149,0.042951801015685
90,0.0002834256221429122,0.04312677747414758
91,0.0003109478452254611,0.0376051624577182
92,0.000250060234646472,0.038475959367739655
93,0.00024919818865805723,0.04738776292651892
94,0.00027040353848294113,0.04417039190108577
95,0.00026299793427285326,0.04145629715640098
96,0.00025324168888604545,0.03855267108883709
97,0.00027899115931958744,0.039303936646319926
98,0.00028164098394292306,0.04172756425881138
99,0.0002690968589258179,0.03890061704441905
0,0.036279344842324604,0.03593130370912453
1,0.015361754158184157,0.03982953917390356
2,0.014444663495892407,0.03822926517265538
3,0.013102047190996795,0.03797095961635932
4,0.012966798189044672,0.04231177060864866
5,0.011888032339176341,0.03821489385639628
6,0.01088666991943765,0.04075931942012782
7,0.01025075391964547,0.03950462102269133
8,0.008913766006569393,0.037525493709836155
9,0.007334671397436055,0.03486350753034154
10,0.006891463421654874,0.03583549700366954
11,0.006138898257924309,0.03725412670367708
12,0.005750326983789778,0.03542812529485673
13,0.005425509522860898,0.03556525379341716
14,0.005108851577908774,0.03669051123627772
15,0.004785190718997289,0.03519961474618564
16,0.004697893381741216,0.03825856479428088
17,0.004451602989873245,0.04023661313112825
0,0.03989835625430148,0.0396212775958702
1,0.015744471770416404,0.03708277175125355
2,0.013631357607810791,0.04323915624991059
3,0.013602653450458942,0.039805375932094954
4,0.01209780111693632,0.038918270147405565
5,0.011603337993386703,0.04090193121616418
6,0.010128911846696433,0.03948897905259704
7,0.009337761009991842,0.038846743545339756
8,0.007511499072261267,0.041464076610282063
9,0.007325416338985702,0.03816411696607247
10,0.006277402548175586,0.041154505840192236
11,0.005166100128085807,0.04037132152977089
12,0.0048957084646055376,0.040965069512215756
13,0.004408325944692552,0.04201428014008949
14,0.004140479321095475,0.04277308296877891
15,0.003850623434081898,0.042468114057555795
0,0.00025125628,0.016018339121555113,0.0,0.039882750036971025
1,0.00025125628,0.007858530321069548,0.0,0.03711308897860969
2,0.00025125628,0.006476884464447822,0.0,0.03658312927776327
3,0.00025125628,0.0048365427482985526,0.0,0.03519257936083401
4,0.00025125628,0.0032349023540930158,0.0,0.03546469691597546
5,0.00025125628,0.00257414612502571,0.0,0.035101085532611855
6,0.00025125628,0.0020780270686958117,0.0,0.03346818270316968
7,0.00025125628,0.0016675282552857046,0.0,0.034665598844488464
8,0.00025125628,0.0015172240059312676,0.0,0.03230508199582497
9,0.00025125628,0.0012288515219972679,0.0,0.03118701424682513
10,0.00025125628,0.0012206337854895628,0.0,0.027421892057949055
0,0.00025125628,0.018121849504491343,0.0,0.0393122976917463
