epoch,loss,val_loss
0,0.01564495102268405,0.0032140593781756857
1,0.007694988971314014,0.0010651733876632836
2,0.00541960352846894,0.00105302689128924
3,0.0036556439511665146,0.0012841899357833124
4,0.0026357711699964413,0.0010382250972421996
5,0.0020054059339179447,0.0007353158780460944
6,0.0018252755486612307,0.0013328059758350719
7,0.0015958775130004608,0.0011642233694146853
8,0.0014930131478672706,0.0008867143114912324
9,0.0014232919630699852,0.0007536899950840356
10,0.0014234641565410093,0.0006301450509151133
0,0.013471465674228966,0.0036012409353985433
1,0.007644644527427965,0.0031217313049598894
2,0.005248895199849468,0.0010451211270806875
3,0.0039316320188009565,0.0013439881781294467
4,0.0029616078174898794,0.0018185131261719669
5,0.002390966168016835,0.0009979412128078811
6,0.0020432838675627165,0.0010569159392307096
7,0.0016961391079486489,0.0009747545613828016
8,0.001531490884695409,0.000991131638503693
9,0.0014966519257274805,0.0007329319245825977
10,0.0013803345576925861,0.0004347969376620777
0,0.014056929681754234,0.0028996154743557174
1,0.00794797727591073,0.003255308437575069
2,0.005132541195275642,0.0014421882237204246
3,0.0034110176475595074,0.0009479577161578669
4,0.002619758198139904,0.0011964577741713988
5,0.002416486393337195,0.0009555701412157052
6,0.0018868451227959037,0.0009875569518448578
7,0.0016039725985824683,0.0013577283049623172
8,0.001555774584222509,0.0007372727585283832
9,0.0015490452745009918,0.0007493649816347493
10,0.0012744097630831897,0.0007123216611540152
0,0.06399784190346249,0.0976508716121316
1,0.05746926620003566,0.08341922626520197
2,0.05105261116209042,0.0704816320600609
3,0.04379948699406942,0.056774041072155036
4,0.0350002747347307,0.042470374377444386
5,0.026155064252191152,0.02905157154115538
6,0.01941619404877101,0.018410085836270202
7,0.015080192809615603,0.011617838269254813
8,0.012638000280001954,0.007666941305312018
9,0.012153783044426809,0.005839263991219923
10,0.01179299943954052,0.004649474901574043
0,0.061684835100113744,0.09805518547271161
1,0.05374837886880745,0.07983944660171549
2,0.0453461396103405,0.06212781068492443
3,0.035440422105367735,0.04456949662020866
4,0.025120529684830795,0.029371864301093082
5,0.016837453121564004,0.018172833057952687
6,0.012674988218056358,0.01126732459252185
7,0.010874251726864263,0.00825998681458704
8,0.010221163832789494,0.0064217449968403326
9,0.01100463426032226,0.006043515158222711
10,0.010449905381208718,0.005506597692146897
0,0.06040603123909356,0.09477355695433087
1,0.05118894886833673,0.07285978959666359
2,0.03941301719228528,0.04990314270059268
3,0.025747953643262083,0.029629963263869286
4,0.01557244059192587,0.014869153002897898
5,0.011933804145177864,0.009468148814307319
6,0.010280014872218348,0.0068998732086684965
7,0.01077755333200021,0.006414640622420443
8,0.010047917962264346,0.005432134069916275
9,0.010285427489755104,0.005394014798932605
10,0.009814747577124484,0.005306446609190768
0,0.0158063514630811,0.001813602870242903
1,0.008344830968534228,0.004712577147680956
2,0.0045341915016919,0.001172858095136083
3,0.003429142759127739,0.001158364414247141
4,0.0025143813976290256,0.0009546280319530828
5,0.0020604227203290778,0.0008176858730924627
6,0.0019605586680539197,0.0010285283206030726
7,0.001464729335383704,0.001459463289696335
8,0.0013074428688421209,0.0008936028728688447
9,0.001176797549182376,0.0009806194624009852
10,0.0010909401753451675,0.0008099338689741368
0,0.015246976850168648,0.0036288343984237376
1,0.008578089296916556,0.00429336176293486
2,0.004678269743277325,0.0025245504220947623
3,0.0034976984677610526,0.0016672502871246098
4,0.0029981688236479054,0.001381459484927039
5,0.0021206169729320935,0.0010530742063642815
6,0.0018329898857057678,0.0013140350273077158
7,0.0018160918183951647,0.00124522794206488
8,0.0014613703366708848,0.0009978345714192441
9,0.0013257446284335333,0.0017391571978186357
10,0.0011742693784228065,0.0014884722916944388
0,0.013875743017855043,0.004680802383356624
1,0.007337905935187615,0.0022094705349041356
2,0.00434520014155447,0.0014818455829905966
3,0.0031538605942433625,0.0015964854198197524
4,0.0024953036977700435,0.001019433981532024
5,0.0023065234850129894,0.0008934001399514576
6,0.0017935379897719439,0.0009975881988389624
7,0.0016080747184471931,0.003395194286066625
8,0.0013408874461043635,0.001198097471691047
9,0.0014550172548909786,0.0019632290583103894
10,0.0012091884746041615,0.0008488590693256508
0,0.062473452205409355,0.09470699463660519
1,0.056852723644980833,0.0805531016861399
2,0.053345229691970884,0.07125619302193324
3,0.050669644130908666,0.06471038951228063
4,0.0482931319792666,0.05987139643790821
5,0.045794444664114684,0.05602899535248677
6,0.04309616478431465,0.05224728910252452
7,0.04000273681989866,0.048376109528665744
8,0.03720434696118736,0.04496484079087774
9,0.03412350135195495,0.04069274434975038
10,0.030681898035857844,0.036144771108714245
0,0.06068636584236766,0.09114689982317864
1,0.054203135525864185,0.0753893272832353
2,0.05058548239182041,0.06574109299702847
3,0.04766128056052357,0.059236560968008445
4,0.045253454519416945,0.05450666846430048
5,0.04270368634788978,0.05073188538564012
6,0.03991629092982321,0.047217966156437044
7,0.03697536480283797,0.043460807346917214
8,0.03350413857836916,0.0392926683292744
9,0.02990649427014469,0.03492635829334564
10,0.02621737432506199,0.029794601287613524
0,0.05972140134141153,0.09074151549074384
1,0.05276662803121975,0.0746811046368546
2,0.04881902307043878,0.06494647512833278
3,0.04589485943469466,0.058567482978105545
4,0.04311954013395066,0.05365982212954097
5,0.040257944487871566,0.04945375902785195
6,0.03740186594920803,0.04565902691748407
7,0.03431514172567701,0.041861692319313686
8,0.03137180161643393,0.03779513297809495
9,0.027650943049704845,0.0334451741228501
10,0.024282463750212778,0.028643503702349134
0,0.014935504077657608,0.006574271993789201
1,0.008068077329396453,0.005870111694093794
2,0.0054937760876819265,0.00282703987613786
3,0.00389898577459325,0.0013124168011321065
4,0.003126562241319773,0.0008554760485518879
5,0.0025087165820000495,0.0007823783053027
6,0.0022408065143925834,0.0006250006772461347
7,0.0017602805196817721,0.0008438536897301674
8,0.001840078296349267,0.0008273604416899616
9,0.0014317959484740175,0.0007737596915831091
10,0.0014178732623013868,0.0005854820295401927
0,0.014274439881461662,0.003321802818236199
1,0.007579654936133084,0.005169743518444135
2,0.0041538641412949395,0.001462435697829549
3,0.002753193492852998,0.0020526877921470937
4,0.0021279338383318083,0.0012464481343990787
5,0.0019214781315178807,0.0009436095071500762
6,0.0016536058693703245,0.0008590222631105559
7,0.0014398225803325668,0.0014623484953227353
8,0.0012315551937331982,0.0007685805284517243
9,0.0010897376201370722,0.0006937823323978785
10,0.0010916977448181973,0.0005656028862428316
0,0.013253787053720455,0.002481328564075132
1,0.006082298244202358,0.0017702883394021126
2,0.0035645030026100768,0.001545100490976539
3,0.0030103521792774032,0.0011018236374689472
4,0.0023197226077246915,0.0014658394942267073
5,0.0020176316213518456,0.0022623587917122577
6,0.0017178015939639502,0.0017871432316799959
7,0.0014061037760182778,0.0010099137434735894
8,0.0015142640294637816,0.0008398795138216681
9,0.0011774722097099436,0.0006358505019711123
10,0.0012995832901429006,0.000902944388670019
0,0.0637615531982489,0.09979900795345505
1,0.05817496115762984,0.08690777234733105
2,0.052884402914188014,0.07542523765005171
3,0.04739746694738541,0.06470435430916648
4,0.041113496378962715,0.05421597580425441
5,0.03393024884295374,0.04334029097420474
6,0.027360911925683667,0.03238965330335001
7,0.020722793644509425,0.022643320146016777
8,0.01673204326375046,0.01578343448151524
9,0.014034857414194836,0.01131835434352979
10,0.013006908872899547,0.008723666629521176
0,0.06164844723587686,0.09786417699874715
1,0.05389727843981801,0.08193736063673142
2,0.04596524445735144,0.06578845816089753
3,0.03643737015587212,0.0486969955741091
4,0.026898401968105876,0.03424727314330162
5,0.018758704655361596,0.021804058805425117
6,0.014387577713344885,0.014385011304724724
7,0.011523019602390551,0.010263266913751339
8,0.010350781422334187,0.007565801448010384
9,0.010694192200334686,0.006236730490196893
10,0.010142931912207243,0.005592214686677177
0,0.06059960695933931,0.09696662227312723
1,0.051408722160422075,0.07521405981646644
2,0.04081011694684929,0.05387224447396066
3,0.028638973993686388,0.034942198958661824
4,0.018211724208097677,0.01972473454144266
5,0.013169595776886051,0.011632600188669231
6,0.010671857232465503,0.008418481817675962
7,0.010071885356280421,0.006396400359355741
8,0.009952402844720957,0.00545793997330798
9,0.010003655864999687,0.004954099458538823
10,0.009594740877070521,0.004680551272920436
0,0.013680957802969157,0.0013645561284647556
1,0.006657970613500468,0.0014626168097796228
2,0.0034350363257453407,0.0014053927855760169
3,0.0030712080688271954,0.0021976806553235897
4,0.002042905654496134,0.0012341163528617471
5,0.0018621091194884927,0.0011610069110853753
6,0.0015810280590758065,0.001508578599896282
7,0.001300473713571084,0.0011939682796461664
8,0.0015592611123235597,0.0016143981859689422
9,0.0011816171427016338,0.0009474930514746424
10,0.0009884466825903688,0.0015914912922501874
0,0.013702800985416303,0.0012958311981105424
1,0.007765265598521577,0.0025771427528060815
2,0.004124966634653809,0.0014340617963945136
3,0.002753528664029683,0.00181584027249049
4,0.00229980383418745,0.0014850285047903022
5,0.0018630287403621796,0.0008862440268746875
6,0.001615239423552688,0.00124500873201388
7,0.0016691220477117565,0.0014196754881537499
8,0.0013910386317575378,0.0016512130610050356
9,0.0013414017895514126,0.0007294649450217393
10,0.001163148338115078,0.0009739214171744646
0,0.013375050520134747,0.010377190769132641
1,0.0073049296280464195,0.002293855934921238
2,0.004325979835311027,0.0022716146195307374
3,0.003380725413860221,0.0013720038023570347
4,0.0023591052501745124,0.0013762806994943983
5,0.0020984283732179056,0.00212671916362726
6,0.001611424137229974,0.001025629533816957
7,0.0015849095465715177,0.0010276266166733372
8,0.0013486391550514428,0.0017277959346150358
9,0.0011187220069197273,0.0012499298874495757
10,0.0012582004410618612,0.001257932988098926
0,0.06240685373993974,0.0922294957563281
1,0.056253811410024536,0.07702699932269752
2,0.05261447446317828,0.06773522822186351
3,0.0498935434798799,0.06134217488579452
4,0.04750763503226203,0.05665899526017407
5,0.04483733759565869,0.05306100092517833
6,0.042015207772278906,0.049305231077596545
7,0.03914631349058007,0.045703630428761244
8,0.03567577420205027,0.04142803396098316
9,0.032407761177038724,0.03713395811306933
10,0.028617503060655077,0.03231641972282281
0,0.061140294553655564,0.09496730676990875
1,0.05513948794792999,0.07993066612076252
2,0.051628217166948195,0.07029747431899638
3,0.04949402142165586,0.06372018768749338
4,0.047711286458628946,0.05890162154398066
5,0.04595404492709974,0.05537966329683649
6,0.04426388693691203,0.05266264199893525
7,0.042245743918524245,0.05029189554934806
8,0.040168275652133455,0.04783955026180186
9,0.0377341482713066,0.045237996952330814
10,0.035185156427700114,0.042480566637947206
0,0.0590218457450368,0.09343253109190199
1,0.05219755297032546,0.07711764218078719
2,0.048480736842493016,0.06699311824308501
3,0.04599455744978421,0.06045702455772294
4,0.04392760939782067,0.0555305245021979
5,0.04177035309127247,0.05202345591452387
6,0.03972476758823103,0.048879102948639126
7,0.037440207739341626,0.04585627615451813
8,0.03485754501948855,0.04273531875676579
9,0.031940469974461864,0.03942456270257632
10,0.029008712077855457,0.03562813111477428
0,0.01641516278184314,0.0038806003431091085
1,0.008230560180735797,0.0012495302447253682
2,0.00554694125841807,0.0022686131220931807
3,0.003742498341285572,0.0013558431261723551
4,0.00265249246193199,0.0008619960741877245
5,0.00233700340680998,0.000984469369238165
6,0.002052301101049586,0.0007545449461758835
7,0.0017987476099029782,0.0008115677950020957
8,0.0016306299918352266,0.0007716520740359556
9,0.0013920012972640557,0.0005224513794625333
10,0.0013244853405593121,0.00048069703401173075
0,0.013723347585347264,0.002791716957444999
1,0.0070313144800949355,0.002403208545032651
2,0.004718004821416348,0.0025962053084785633
3,0.003342156811156357,0.0011910898456141906
4,0.0026600229591507503,0.001222863122127316
5,0.0019864363363894604,0.0006941050226661436
6,0.0017287279607086075,0.0009023053100966709
7,0.0016575337295312285,0.0007539952224605974
8,0.001378069221949901,0.0012371699992032286
9,0.001461389536012171,0.0005737824298619748
10,0.0012586530839796225,0.0006972200489860583
0,0.013868116159514733,0.0032594488519761297
1,0.007063031101561323,0.0017527322362487516
2,0.004517642368933148,0.002399103379704886
3,0.002859222020226892,0.0013816955143637541
4,0.0019703923961580066,0.0014574569067917764
5,0.001790406283232317,0.0011765720089897513
6,0.001628328883920663,0.000833294659646021
7,0.0015450334192754949,0.0008585574590445807
8,0.0016524084399416282,0.0007951803013889326
9,0.0013019071500041588,0.000819703446338988
10,0.0011377076425189295,0.0005719889485691157
0,0.06256017382794889,0.10032208217307925
1,0.05513846122626983,0.08341797829295199
2,0.04867875533899171,0.06928453074457745
3,0.04268478432754476,0.056901475337023534
4,0.035687010108151625,0.04563298006542027
5,0.028865642129588667,0.035352595266886055
6,0.023089604405452258,0.025593591737560928
7,0.01769075182795375,0.018702979607041925
8,0.014776843911195969,0.01331474754260853
9,0.012150424687032724,0.009398471728976196
10,0.01123410149070261,0.007469783168441306
0,0.06059301865635195,0.09242280857994202
1,0.051371848229507,0.07218759411827047
2,0.04171038918535818,0.05464490471368141
3,0.030436215103801453,0.036692832101215704
4,0.020901272924748634,0.023068242686543058
5,0.014738895462336714,0.013499352367634469
6,0.011582236363072738,0.009075409187836217
7,0.010585188019004736,0.007171559028644511
8,0.010575890895026275,0.005767170305145865
9,0.00989300288339945,0.005137705744462128
10,0.01087026679629667,0.004629434269674598
0,0.06100696247375133,0.09619430684381061
1,0.05045784133657509,0.07153596149550544
2,0.03666135693463136,0.04316685655050807
3,0.02235308603136515,0.022330362846453986
4,0.014173398739943395,0.012142570285747448
5,0.010849827482384078,0.0072893312821785605
6,0.009632904969906549,0.0053594397122247355
7,0.010148782294946817,0.004921852999056379
8,0.010043950008979181,0.004398210186304318
9,0.010314200181580548,0.004469696577224467
10,0.009940420308302403,0.004370808120196064
0,0.013731109728362768,0.004578064254019409
1,0.008243247815735414,0.007363190622224162
2,0.005504787387092359,0.0018808152599376626
3,0.003563987302661747,0.0010225710878633738
4,0.0027451538840594265,0.0012583700990944635
5,0.0024168247755689443,0.0008570514310122235
6,0.0018328704855734735,0.0008963478740042774
7,0.0014383964275358591,0.0007024098971063116
8,0.001433897516034993,0.0015796978295838926
9,0.0013451298121678825,0.0012638256145388975
10,0.001172845856164905,0.0008936658578022616
0,0.01405224122455099,0.0023723356908761915
1,0.007934315896221447,0.0030510008132005944
2,0.004399006466047292,0.0020858690432431375
3,0.003145266698221817,0.0010571506993963997
4,0.00237221534262797,0.0012830010233843264
5,0.0020533326078109875,0.0013860725473236054
6,0.0019058250095119061,0.001493646561396011
7,0.0018041235517658708,0.0016905621283667836
8,0.0016248945143565328,0.0010444530350294835
9,0.0012219416276278972,0.001337094871485804
10,0.0012538652385542678,0.0007433062865141224
0,0.014500158132120435,0.002741474690588398
1,0.007582140659998951,0.0028004905234815347
2,0.00506987195843308,0.00173969357015772
3,0.0030630693595134176,0.0018124425964843895
4,0.0024373192109680753,0.0016969137333540452
5,0.002094494932324017,0.0021122194335071575
6,0.0019631812055547703,0.001124566828366369
7,0.0018583435104323589,0.0007139520467414211
8,0.0014187198936195607,0.0008982429151526756
9,0.0012182433017688728,0.001264138353548737
10,0.0010897367502941645,0.0011611085553239616
0,0.06111124524818593,0.09376380173489451
1,0.054780813242921875,0.07833991890462737
2,0.05127455168707886,0.06858112717357774
3,0.048592063387734204,0.0619688315782696
4,0.04636914744486461,0.057135989501451455
5,0.04372654383506008,0.05325704712110261
6,0.04127555479992874,0.04973967761422197
7,0.03819798391742922,0.04622905965273579
8,0.03468983085011717,0.0423776536869506
9,0.03116870127693193,0.03795060627938559
10,0.02773033724582974,0.03327264826900015
0,0.06089180233803662,0.09283059042819003
1,0.05404742927563311,0.07661320181920174
2,0.050343999008864465,0.06677429322549637
3,0.04765018276080037,0.06022984756434217
4,0.04516584843848691,0.05506925974437531
5,0.04265506880715339,0.05132716315540862
6,0.040149839265704756,0.048013249531071236
7,0.03706767899219436,0.04446416161954403
8,0.03378871957197635,0.0404470933482368
9,0.030279356497104722,0.03596908761624326
10,0.02633625938265462,0.031149049903801147
0,0.05998942202755383,0.09813519534137514
1,0.053864562570364496,0.08315019557873408
2,0.050315447617322206,0.07292758524417878
3,0.04806035972789538,0.06579913281732136
4,0.04635356052075418,0.06071872131692039
5,0.04493555840941108,0.05682898163795471
6,0.04342617605793841,0.05381038329667515
7,0.042122609808812946,0.051226407372289236
8,0.04052975255881949,0.0489585748149289
9,0.03884091808897804,0.04677699862254991
10,0.036844255754306,0.044612980385621386
0,0.014545705702960791,0.005910659063374624
1,0.00783427312078619,0.0011089664282432448
2,0.004860663797353024,0.0014353040993834536
3,0.0027873996562141944,0.0008493811316535963
4,0.0022363770158198575,0.0008702519741442908
5,0.001757651113644102,0.0007647851258904362
6,0.0015437527519917519,0.0008788798919946809
7,0.001294124515226401,0.0007214719832215147
8,0.0012113772769664513,0.0007224084032107688
9,0.0011128055022581334,0.0006636851588458134
10,0.0010925744149492278,0.0008349832169187721
0,0.013141289261649505,0.0035571705530139993
1,0.007621366631785276,0.0029222796264877344
2,0.0037656231783918396,0.0012556128402022605
3,0.002752929341490145,0.0010676482504114826
4,0.0018836481004572388,0.0008106633074621254
5,0.0018228125503296127,0.0010774582934050642
6,0.0015437691534206158,0.0008284385771827495
7,0.001309831967433877,0.0008821487544411595
8,0.0012213413200412896,0.000789457741391627
9,0.0012887166374988591,0.0010066311348209832
10,0.001232433425629455,0.000664748082388232
0,0.012450894816037344,0.0018396047616584432
1,0.005528875107506328,0.00188250745801876
2,0.0030939616708379543,0.0013953129709180858
3,0.0024531018435871893,0.0012901147672285636
4,0.002010158706237847,0.0009542717346145461
5,0.0016073677898206444,0.0012720599576520424
6,0.0013768077818783742,0.0012351103928974934
7,0.0016224380685473858,0.0008892313150378565
8,0.0011380846281470588,0.0006462572148949322
9,0.0010979445346028839,0.0009452783761339055
10,0.0012759413126629197,0.0005731790792196989
0,0.0630119221107145,0.09957653920476635
1,0.05608064412658838,0.08474742729837696
2,0.04967989019076129,0.07172402312668662
3,0.04296964865608431,0.05929928203113377
4,0.03574643416058777,0.04707562131807208
5,0.028195377986821996,0.034945541682342686
6,0.022648692884524563,0.0251077531138435
7,0.017159457940926503,0.018040659294153254
8,0.014074562000457067,0.012762349972035736
9,0.012702718559633846,0.009092133366114771
10,0.011636761012463713,0.007038612568673368
0,0.06122670027267451,0.09492036082009052
1,0.05169211377888316,0.0740819995073562
2,0.04126287031580101,0.05361847833116004
3,0.030491158074577047,0.03507340156493035
4,0.020453014359292056,0.02191236472510277
5,0.014109795733185654,0.01298438955811744
6,0.011914823390073095,0.009049533281792352
7,0.011141666947308965,0.0067530418151712165
8,0.010551928968234646,0.00553827388013931
9,0.009923580788179405,0.004793782247864502
10,0.0102431481983983,0.004511877577355567
0,0.059343059984396915,0.09780716796716055
1,0.04893971585231472,0.07183064238892661
2,0.03564882752181468,0.04566183992558055
3,0.02241093729033458,0.02522296839290195
4,0.013920757221058011,0.01362293739285734
5,0.011572336206659295,0.008713590188158883
6,0.00988387916598241,0.006379381717286177
7,0.010571895637644492,0.005925698743926154
8,0.010430501653974382,0.005371934734284878
9,0.01023192979081781,0.004993503825325105
10,0.009808579567886357,0.004927228282516201
0,0.014424527617377328,0.0018582295015221462
1,0.007354276152105356,0.001693486818112433
2,0.004458316634280429,0.0018576765457207027
3,0.0031651028220766415,0.001206357007807431
4,0.0026086670831816936,0.0013023529791098554
5,0.002018294669219747,0.0009733401772488529
6,0.0018712120686702187,0.0009886398638627725
7,0.0016448631534299078,0.001388573207805166
8,0.001598812242058438,0.0005965882852857854
9,0.001538645006931532,0.0005235078703359856
10,0.0013144545536576044,0.0007945588155659303
0,0.014097985407017698,0.004212890063075626
1,0.007002933816325785,0.00268762464575628
2,0.0039043763506630756,0.00172438036942696
3,0.0029192558878378926,0.0020879993779941443
4,0.0025134455548444143,0.001473492436219958
5,0.001781475943668435,0.001814587262181684
6,0.001544575455640866,0.0019021097365073225
7,0.001488851622847083,0.00130090890254112
8,0.001231558801505757,0.0018219842818228806
9,0.0012876266578913224,0.0012482253282251668
10,0.000973456121470798,0.0016822476569127213
0,0.013257314932142973,0.0029725270164716574
1,0.0074512190328036645,0.00174740897750275
2,0.00438498830772005,0.0017063483259537153
3,0.002687998476547512,0.0018845386363358961
4,0.002346367782518762,0.0009065706172906277
5,0.0018673251903905742,0.0008069265252237933
6,0.0017646834579752569,0.001158061075774539
7,0.0014185819249809245,0.003399439880417453
8,0.001442544489914233,0.0012426863476220104
9,0.0013937440838032802,0.00044280753289866777
10,0.001138987332524266,0.0007713963892052157
0,0.06219203350831516,0.09120021403456728
1,0.055870023710494064,0.07642234334101279
2,0.05187032337127319,0.06721819875140984
3,0.04852451600284133,0.06074003215568761
4,0.045778831186231654,0.05614947131834924
5,0.042601303773085075,0.05187844197886685
6,0.03923389519653728,0.04761035895595948
7,0.0358928179125016,0.043185070933153234
8,0.03217283854888162,0.03834712443252405
9,0.028228082647313125,0.033642405605254076
10,0.024402124418797504,0.028411099454388022
0,0.06057025691626048,0.09272663422087406
1,0.05352152820977599,0.07644930355092312
2,0.049211578199056666,0.06616204842290979
3,0.04608013717024916,0.05926798656582832
4,0.04284794004916242,0.05392778585565851
5,0.03986467081451356,0.049323588213387955
6,0.036041764279056074,0.04496624400006964
7,0.03269404972517731,0.040162846921606266
8,0.028577749226994888,0.034778900721922835
9,0.024737557513883922,0.02947021798884615
10,0.021055523106226263,0.024334200400304287
0,0.06060273654530851,0.09667664931880103
1,0.05433124896823144,0.08172692292266422
2,0.050510757374672255,0.07162989634606573
3,0.04794585443462948,0.06454693112108442
4,0.04586543779516099,0.059385235359271364
5,0.043741879557088324,0.055416853063636355
6,0.04195236730180225,0.05203126296401024
7,0.03948921887964314,0.049010136806302604
8,0.037290702545445184,0.04600598191221555
9,0.034888936786399205,0.04289339888426993
10,0.03227786854745782,0.03948103450238705
0,0.013752133608912703,0.002074789318915767
1,0.008095281678907124,0.003396092972252518
2,0.00385254894876993,0.000989265688379722
3,0.00264771995263352,0.0012322477838703587
4,0.0021506800749467865,0.0010852372821924898
5,0.002047755892520733,0.0008281109336773321
6,0.0017112645300996756,0.0007960755156091182
7,0.0013527073644408162,0.0006753149500582367
8,0.0013169100033950023,0.0008908662991113184
9,0.0011396126202412942,0.0008086036347473661
10,0.0010188501487642845,0.0005523866802832345
0,0.013714525755730015,0.003164174446360545
1,0.006200402476495564,0.0025478602917072303
2,0.00361021809342242,0.0011951667826345309
3,0.002696765448858096,0.0018993904776970281
4,0.0021769248910137743,0.0010380555040876759
5,0.0019620574995783636,0.0011562467874721327
6,0.0016456119215816749,0.0015126348428547065
7,0.0015500400434694996,0.0009036236585048523
8,0.0011768384290990806,0.0008121922629528699
9,0.0011940779395353265,0.0007765290285262497
10,0.0010559592240065516,0.0009730186566036749
0,0.01298682188035502,0.007939181694140037
1,0.005759646942926932,0.0021896721303669943
2,0.003519334684824571,0.0016106998638456894
3,0.0024199944924401615,0.001127485242775745
4,0.0020604613142050044,0.0012455012390597
5,0.001725154854470094,0.0009562779386113915
6,0.0014109898711096172,0.0008061722302550657
7,0.0014100485230078542,0.0009398800631364187
8,0.0011959028077176393,0.0006332338289616422
9,0.0012942167058081024,0.0009016477295921908
10,0.0010912110707550356,0.0008673463430669573
0,0.06176288586914839,0.09940622793510556
1,0.05439587004819707,0.0825661465836068
2,0.04768533925128043,0.06840389074447255
3,0.04047573472948829,0.05547142284922302
4,0.033299128922760185,0.0432755877263844
5,0.025335536623869708,0.031790051997328796
6,0.020304454418002212,0.022682018384026986
7,0.016305713448673487,0.01597679218199725
8,0.013262754624438046,0.011180240214647105
9,0.011972836718365699,0.008685412826404596
10,0.011693684187666255,0.007217273707889642
0,0.06143221014527359,0.1003361924531612
1,0.052947217457447994,0.08155499604788233
2,0.04396377472827832,0.061992560136825484
3,0.03354017809033394,0.04282440364043763
4,0.023242217488586903,0.026390534488761677
5,0.015940707649640513,0.01636232776527709
6,0.012326171830992657,0.010135218501091003
7,0.011291553124061061,0.007624103340934565
8,0.009923493722453713,0.00561924440231412
9,0.01031620742875443,0.0049137816952660365
10,0.01010822887518302,0.004796756178814363
0,0.0596813283651611,0.09590182122257021
1,0.048542791673419426,0.0714407248629464
2,0.03591968373832654,0.046726301395230825
3,0.023170637313694675,0.025263094736470117
4,0.014715089298765726,0.01377474574579133
5,0.011258399995443012,0.00898176913874017
6,0.010244428751543544,0.006220821436080668
7,0.010203671673721425,0.005326866912138131
8,0.010076674751519245,0.00532333722545041
9,0.009567019637740617,0.004827566946753197
10,0.009936932454180276,0.004522668389189574
0,0.014112516215080442,0.005059642144866909
1,0.006180965655188464,0.002138803870669411
2,0.0036007545247262146,0.001099878905127601
3,0.0024152105149401154,0.0012050754133573112
4,0.0020103593030476466,0.0008298942339024507
5,0.0017025524103340117,0.0011012026801229997
6,0.001327330933798376,0.0015211978243314661
7,0.0011089983427017838,0.0010502202943219647
8,0.0011294923267027729,0.001126913291955134
9,0.0012044660883356617,0.0011470263137501509
10,0.000867722321043713,0.001465650190463445
0,0.013996706458250756,0.010666594860401559
1,0.0074132771890920894,0.0012941101028465052
2,0.0035522796364731595,0.0011975208985956108
3,0.002593431197285577,0.0015832539907894394
4,0.0018290047944791502,0.0011544906933038952
5,0.0018768949331856813,0.0010486673074526752
6,0.0013598966937879045,0.0008018645507461847
7,0.0010496479858329163,0.0012901589754929252
8,0.0010974093067231635,0.0012029083742898829
9,0.001327149058172404,0.0009948505544440543
10,0.0009246269461311955,0.0013038518385307745
0,0.013009183260859276,0.006360377226438787
1,0.006312890752213912,0.00242997411535018
2,0.003305231891299256,0.0014328232332546677
3,0.002841877908747624,0.0013876290526241065
4,0.002110410721500984,0.0014653746737167239
5,0.0017942749395935644,0.0011880115036749178
6,0.0017511080037291655,0.0014511824986483488
7,0.001342776525327318,0.0012221169942576023
8,0.0012784923435122306,0.00123878575137092
9,0.0011496597644694777,0.0011134396423585712
10,0.000990937970731911,0.0018109066657618516
0,0.061481637178204165,0.09213761317854126
1,0.054084114047076234,0.07517949561588466
2,0.04994580811404403,0.06502567200611035
3,0.04709668448148061,0.058309401695926986
4,0.04410052000914686,0.053126488191386066
5,0.04123563075147981,0.04878912175384661
6,0.03796772530592566,0.04445848745914797
7,0.03406082667485254,0.039941424038261175
8,0.03059419509416549,0.03517441657216599
9,0.02689101672427139,0.030005790720072884
10,0.02209288978846229,0.024115286961508293
0,0.061083767167998085,0.0924743523306035
1,0.05446595035380486,0.07663631478839732
2,0.05060703394878091,0.0670322300271785
3,0.04777475104036957,0.060308664086017205
4,0.045382732421987586,0.055567526278343604
5,0.042915543033318085,0.05181199240874737
6,0.04042104307580927,0.048288202745483275
7,0.03790688184513287,0.04511086840895896
8,0.034590471314849575,0.041579078605517426
9,0.03165038956348041,0.037707403579607925
10,0.028564979072961242,0.033721617561705566
0,0.060247889130699395,0.09609369287888209
1,0.05400240614211985,0.08083696365356445
2,0.05040930460530276,0.07105574897593922
3,0.04795232905569125,0.06391298895080884
4,0.0459247969984248,0.05889603338307804
5,0.044081200218322326,0.05502566124002139
6,0.04201385451062602,0.0518639383216699
7,0.03998170823467021,0.048775080839792886
8,0.037545105385385,0.04560999870300293
9,0.0347402779271408,0.042429430906971294
10,0.03142884407876706,0.038603086190091236
0,0.014906157560449973,0.003215839846234303
1,0.007308088399788093,0.0007120796841869984
2,0.004457440389608075,0.0024493399929876127
3,0.0030969110622899093,0.0007452913353821108
4,0.0022001240993896735,0.0009015730344496357
5,0.0020252838550924076,0.0006815925359357303
6,0.001643075026664181,0.0008874058239598526
7,0.001530014282097132,0.0007356685334040473
8,0.0012900477544938087,0.000689108495862456
9,0.0012436562896958885,0.0005196074938188152
10,0.001134145126096558,0.0008037806170856735
0,0.013062814489298623,0.006133268399045188
1,0.005348456504336098,0.0014075739098653355
2,0.0033367664877776847,0.0014051202290810327
3,0.002352341828159894,0.0011314074038230675
4,0.0018619502982185833,0.001083821225465533
5,0.0015466478341635355,0.001103083837153192
6,0.0013801653599284233,0.001190181903323119
7,0.00119967702167659,0.0009974565126616112
8,0.0012028792197904268,0.0008307247127881868
9,0.001201226629112198,0.0007277280172739337
10,0.0011686868792913638,0.0008637083903638685
0,0.012946911682422292,0.0028824822873704963
1,0.005500939944331363,0.0016485494742583897
2,0.003304559818815858,0.0013327976119601064
3,0.002170772676009267,0.0011063688292375041
4,0.0018163822026749865,0.0017696396279562679
5,0.0015320885851943617,0.0012823994051561587
6,0.001728822256655822,0.000860536914680981
7,0.0013348156899898028,0.0008185257281487187
8,0.0013013116260147083,0.0008598420911261605
9,0.0012437360628795506,0.0011295004967703587
10,0.001292254548277516,0.0006318544076445202
0,0.0636135308100051,0.10377538530156016
1,0.05804797967699305,0.09085653396323323
2,0.05300251019173231,0.07910993322730064
3,0.04763664926715832,0.06781544008602698
4,0.041206873841022125,0.05616366327740252
5,0.03443538301142316,0.044031376872832574
6,0.027375494485636753,0.03319313726387918
7,0.021427141001738197,0.02381571203780671
8,0.016342913603232284,0.016515337765061606
9,0.01384412058062814,0.011732141215664646
10,0.012530396694794822,0.008658291820514327
0,0.061360324102670255,0.09785086122599054
1,0.052699204092149184,0.07982974356793343
2,0.043328622995753484,0.06074026972055435
3,0.03277436499436847,0.04188996180891991
4,0.023177408142899623,0.026538818321646528
5,0.015648823708879076,0.016150189246586028
6,0.012394634178943105,0.01068317845582645
7,0.010743094587021253,0.007782897812888977
8,0.010045735011432282,0.005818799881145675
9,0.01016723782158071,0.005221196489923812
10,0.010600434432765751,0.004928678878523568
0,0.05902315405368501,0.0929596937365002
1,0.046293734135676404,0.06459916358192762
2,0.03193060256426736,0.03832229487597942
3,0.01976059954518414,0.020280542907615502
4,0.01345452085393956,0.011124383482254214
5,0.010487872096282259,0.007209140734954013
6,0.010019084900779155,0.005862295606897937
7,0.010598458333073981,0.004921791392068068
8,0.009747245629337065,0.004320814807174935
9,0.00957417343172948,0.004212222864023513
10,0.00959874523033825,0.0042784551003326975
0,0.013847094114598392,0.0015872663110106562
1,0.007484969613961314,0.003479032098160436
2,0.004407666348641617,0.0020139662471289435
3,0.002901722563854208,0.002749782261768511
4,0.0019689450453178273,0.0012020459010576208
5,0.0020074888365635714,0.0011232921927633772
6,0.0013772104237925954,0.0013089008656000563
7,0.0011339807237501973,0.000866202482332786
8,0.000988615483417639,0.001839598611695692
9,0.0010329218432582193,0.001375315531428593
10,0.0010122512036498084,0.0015078178087909084
0,0.012060789203252455,0.003953412947978111
1,0.005598605415228792,0.0019150816419340195
2,0.004175008389266264,0.002350415485821902
3,0.0030220369870111235,0.001369955996546815
4,0.002474428880360034,0.0029341620516943486
5,0.0019836848439422974,0.0009495950182602602
6,0.0016476837634473494,0.0018663746750655962
7,0.0017744741625842788,0.0013665886883168145
8,0.0015951037081928614,0.0010926313041907517
9,0.0013571842129676216,0.0008955296733357171
10,0.001179804236200671,0.0014186695334501565
0,0.013094275598818133,0.004988190609340867
1,0.006446927006603504,0.0029099883408182196
2,0.0033794261092838012,0.001677612592983577
3,0.002549225053742851,0.0022463011904619635
4,0.0020738628651942033,0.0012554510716452367
5,0.0017138484647742246,0.0021530341020681793
6,0.0013851317700606827,0.0014357626205310225
7,0.001575621445746427,0.0019169485248211357
8,0.001219876852849907,0.0012214447035350734
9,0.001084125424870076,0.002132892039501005
10,0.0008431710264965065,0.001690734961691002
0,0.062126673701869785,0.0921578813965122
1,0.055388313142498535,0.07573830212155978
2,0.051491233150488765,0.06591650075279176
3,0.048423564623124034,0.05899329902604222
4,0.045804368041867584,0.054051852241779365
5,0.043249087969786555,0.05009846583319207
6,0.040054995894207426,0.045860013691708446
7,0.036518746462823756,0.041588718459631004
8,0.03294288872474402,0.03672109815912942
9,0.028904099981464332,0.03173470489370326
10,0.025035804886389616,0.026291393985350926
0,0.06092607523455764,0.09215303209233791
1,0.05445624912402244,0.07642906285980915
2,0.050805551968891215,0.06653310128665985
3,0.04799317499867292,0.0598949633063154
4,0.04575505618457541,0.05515484813045948
5,0.04334766578606584,0.05104754865169525
6,0.04059543567850734,0.0474819892105904
7,0.037520258894397154,0.04388070308623162
8,0.03442177476568355,0.039916473658795054
9,0.030611117248131772,0.03514076071850797
10,0.026689946891344858,0.029653042435963103
0,0.060352876630364635,0.0927282762196329
1,0.05393137599398591,0.07723124540514416
2,0.050457758420356075,0.06779232554965549
3,0.047966393927226264,0.061309226933452816
4,0.045789094584784945,0.0568363170656893
5,0.043876454638013124,0.053349770108858746
6,0.041633254952956826,0.05025818579726749
7,0.03944689403668198,0.04763066793481509
8,0.036990657258702785,0.04468974992632866
9,0.03446537056671722,0.041670605002178084
10,0.03121116252292936,0.03827824406325817
0,0.013771426899068469,0.006529308952546368
1,0.007903416604201435,0.0025655954207953378
2,0.00429885745769245,0.0014178660154963534
3,0.0030343867550269425,0.001536018372765587
4,0.0022629738525585764,0.001000527239132983
5,0.0019550868429959608,0.0011086103774384053
6,0.001587783682029039,0.0009792513119464274
7,0.0015593711275083185,0.000568835864517799
8,0.0013711990701706248,0.0006945765374742526
9,0.0012189495139146907,0.0006244007654458983
10,0.0011277513820724795,0.0007572069650147265
0,0.013562974376566332,0.0026688207376827583
1,0.005435851233249361,0.0013437901680516278
2,0.0029320059728695815,0.0011822833132216746
3,0.002356358005070231,0.0009928253687363357
4,0.0019565933505120226,0.000882249078440896
5,0.0016302464903518088,0.0011215230011618993
6,0.0012789528435942802,0.00090411471505154
7,0.0012437801220456627,0.0007007024418116804
8,0.0011426492434258413,0.0006869343453721004
9,0.001031684423761555,0.0008581712355272488
10,0.0010740134976463243,0.0008429258416575241
0,0.013228979615057458,0.004361034283000562
1,0.005238690201492448,0.002051400461803294
2,0.0032946564751910046,0.0015511975132135882
3,0.0024890864412870487,0.0012796956528392104
4,0.0019876373531142423,0.0012745197176829808
5,0.0017117470580364615,0.0012777777078251044
6,0.001552361543129949,0.0009330555486182372
7,0.0014136664445241153,0.001211948983836919
8,0.00147437296002362,0.0006281743149480058
9,0.0013476166932377964,0.0011981984846190447
10,0.0012183686613214525,0.0007768804129833977
0,0.06261105408620594,0.09710826274628441
1,0.055212562463840646,0.08107228809967637
2,0.048627336093004625,0.06844290268296997
3,0.04138480760531509,0.0552334098611027
4,0.03385368620405844,0.04326639029507836
5,0.026717829152979145,0.031252599825772144
6,0.020122163395523727,0.021669061311210196
7,0.01663236296384703,0.015001798941132924
8,0.013053152579158993,0.010491902503417805
9,0.011988177014533525,0.007740141882095486
10,0.01108423352531677,0.006180535662376012
0,0.061293703607387014,0.09849586100020308
1,0.05257415030189235,0.07840062788826355
2,0.0424024500893523,0.05757457263609196
3,0.031547598145676384,0.03774904749019349
4,0.0209404128754154,0.021592253502062026
5,0.014048662478800374,0.012945891853342665
6,0.011607071003791962,0.008397531636217807
7,0.010347197547253936,0.005938242650293606
8,0.010428798891782685,0.005193505213259065
9,0.010080942690062026,0.004483646445689683
10,0.010393627631158163,0.0041596488284066
0,0.05940143864753903,0.09582690944274266
1,0.04849956017367694,0.07099309331840939
2,0.03511736112437686,0.04454976345101992
3,0.022041984254076163,0.0254339756237136
4,0.014586964132720414,0.014724148251116276
5,0.011439588247579808,0.009508722575588359
6,0.010988413299224814,0.007157917807085646
7,0.010373748661902714,0.005989748348171512
8,0.01004543655780049,0.005476109973258442
9,0.010125369849206157,0.004966052776823441
10,0.009775691393677297,0.005012913539798723
0,0.01494709329548568,0.003411895362660289
1,0.005816447970354415,0.004400459040577213
2,0.0033095361060584572,0.001346060642390512
3,0.002831148255110985,0.0012687960455271725
4,0.0021631203819389207,0.0009808421891648322
5,0.0018168731169785658,0.0011085624937550165
6,0.001403891511879225,0.0014290040592944326
7,0.0014706868363893006,0.0009205286090339845
8,0.0011790163842662841,0.0011574628406378906
9,0.0011855289776576683,0.0011322673368946805
10,0.000973156299126152,0.0009696356385878365
0,0.013610843209211122,0.0026697086076192715
1,0.0066893463683869656,0.005658571177380199
2,0.0038885587407158444,0.0023274197282784795
3,0.0027970439558049117,0.0016073302559039377
4,0.0023848132252095814,0.00106837575948064
5,0.0016794049119602682,0.0011497720347796666
6,0.0017446468774149327,0.0013582573824641394
7,0.0014814370147315926,0.0013407318793395733
8,0.0015973949110672828,0.0007007567161208693
9,0.0011525751037006924,0.0017249953383183542
10,0.0010619619487158042,0.001673563712950241
0,0.013808063769532482,0.004640164453950193
1,0.005600997246801853,0.0023556084320363073
2,0.0030132037310086532,0.0020807902690851026
3,0.002168102146539723,0.0021784061695345573
4,0.001973035986320239,0.001331100647803396
5,0.0016473921825717278,0.0016486062344888018
6,0.0015582455732272842,0.0018227261322964396
7,0.0012630129592939832,0.0010967911932513947
8,0.0010783788500108983,0.0006845091741221646
9,0.0011274925633856304,0.0008631176140625029
10,0.0010905999700540003,0.0018660067102043993
0,0.060527704038362405,0.09059301515420277
1,0.053529586671060655,0.07469613865638773
2,0.04941060278920373,0.06520130019634962
3,0.045743809320294676,0.05867447253937522
4,0.04223661658227743,0.053338606376200914
5,0.038803102280102184,0.048584648330385484
6,0.034638203727315416,0.04358774935826659
7,0.030314906724920525,0.038047640079942845
8,0.025935231122988553,0.032340189442038536
9,0.02281724255363546,0.02720759316192319
10,0.01856107372865455,0.021880790785265464
0,0.06001733330012572,0.0924496831412011
1,0.05317649550058625,0.07662502375054867
2,0.049137255242752906,0.0662255176996931
3,0.046021592944408905,0.05934443665628738
4,0.042798640055939405,0.053938636041068015
5,0.03967351875634807,0.049043991067942154
6,0.03609482200835088,0.04429886664481873
7,0.03238112113974763,0.0392867755541142
8,0.028109697526264372,0.03359489150820894
9,0.024267138499352667,0.028169972425762642
10,0.02070617852638466,0.022796688442851636
0,0.059992744549348644,0.09240681876738867
1,0.05358096065797976,0.07678576509157817
2,0.04991926870555902,0.06737399473786354
3,0.04733844142293139,0.06091419888867272
4,0.04497923657336101,0.056508159389098485
5,0.042633462364652326,0.05288379846347703
6,0.0401679654225555,0.049381147904528515
7,0.03730891920550137,0.0458783888982402
8,0.03467424942788725,0.04271043125126097
9,0.031595688973724535,0.03892041345437368
10,0.028231274289060002,0.034801144690977205
0,0.014900789607840416,0.0011097010307518456
1,0.007378985718051768,0.001143515973429506
2,0.0037505746141647048,0.000965961349720601
3,0.002516623916064656,0.0010136120254173875
4,0.001816098309466007,0.0011699064986411638
5,0.001535804150158062,0.0007695559634157689
6,0.001272807957489867,0.0014807379654181811
7,0.001320099720471637,0.0007270132403694637
8,0.0010336041220887354,0.0007423477042417895
9,0.0011781703275786338,0.0008570331016623337
10,0.0008699953980625714,0.0005768815881310729
0,0.012944764972692637,0.0037394890789576667
1,0.005263778239646174,0.0013413406875073671
2,0.0032714394907786917,0.0011024664322092654
3,0.002361366946856971,0.0009577394713290987
4,0.0019926879400060504,0.00107831217873683
5,0.0014490338697655577,0.0006783299223628846
6,0.001326976949143261,0.0008779065336715034
7,0.0011502547957464074,0.0008655378881079006
8,0.0011238643439925237,0.0015946301988306198
9,0.0011882870744695097,0.0008859667330088609
10,0.0010309789793958625,0.0009756926236614744
0,0.013567931881193452,0.004187799291685224
1,0.006146476472483245,0.0014028279796346195
2,0.0031910306270405346,0.001488215233095818
3,0.0022986290016572693,0.0009176386248630782
4,0.0022287837755913865,0.001016560681940367
5,0.0016131668563335849,0.0011286671144059963
6,0.0016370162104104398,0.0007622466610175454
7,0.0013929248086001,0.001111980381473485
8,0.0013672485712996436,0.0007612409484055307
9,0.001244552620735295,0.0012804545740234769
10,0.0010393883308190235,0.0006807500030845404
0,0.06261093218122894,0.10134856356307864
1,0.05545020736192339,0.08525386918336153
2,0.04908710489770276,0.07191103262205918
3,0.042571146434275946,0.05913589887010554
4,0.035052791368871475,0.046917400400464736
5,0.028462002315937575,0.035819045694855355
6,0.022252340445379215,0.025994261105855305
7,0.0172229113511217,0.01851903455099091
8,0.01417685985031664,0.012863523443229496
9,0.011696541380024884,0.009565311416129893
10,0.01211114700921067,0.0076357102758872015
0,0.06273363077204035,0.10000725153912889
1,0.05545464982137536,0.08376854135000959
2,0.047221653690241804,0.06554781344342739
3,0.03719897822222926,0.047250620624486435
4,0.026067969986623286,0.030617165676456816
5,0.017109211148562457,0.018054130348436375
6,0.012587101706726984,0.010658899034829215
7,0.01135446028454662,0.00794234062406294
8,0.010615555607158728,0.005956299385016269
9,0.010903237277002197,0.005193607529942343
10,0.010803030422804031,0.004656595430594493
0,0.05966973620257816,0.09491030722856522
1,0.04843308130393223,0.07061957253350151
2,0.03559328331517018,0.045704588211245005
3,0.022466992793072547,0.02517437831395202
4,0.014345531002618372,0.014137643141051133
5,0.011651096957003964,0.008985161139733262
6,0.01062285751627036,0.006641542921877569
7,0.009935957842924613,0.005703651723969314
8,0.009705616218246976,0.005287384448779954
9,0.00974445772827698,0.004653254451437129
10,0.009977902626685266,0.00474814939726558
0,0.014682109190394456,0.0025312829141815505
1,0.00708307547438609,0.0016046257357326492
2,0.004064915696189425,0.0024934544999268837
3,0.002716421896425642,0.0010800786330946721
4,0.002301976350007401,0.0009118353767310813
5,0.001695592674612765,0.0009337632770135921
6,0.001346501098956267,0.0005977459647207676
7,0.001058327707160152,0.0007454326805600431
8,0.0009878180865795076,0.0008239023712424872
9,0.0011215334896076629,0.0007063296931543542
10,0.001162148095610617,0.0009125190736085642
0,0.014583481621524,0.003766468404098711
1,0.00696519940722301,0.001415922024108945
2,0.0034492526819572002,0.0014335822705377607
3,0.002597858763894894,0.0012070232323628473
4,0.0020183552573364454,0.0014512548693752987
5,0.0014628818768107172,0.0011635858409522854
6,0.0014330421410080026,0.0008147775438277328
7,0.0012793383949713762,0.001286134459425081
8,0.0010508260195939614,0.0007197492938003246
9,0.0010285591294329304,0.0014408355630795532
10,0.000955586108003362,0.0015997359296306968
0,0.01318305952365187,0.002583900906352533
1,0.006591455438958329,0.0035685067841162285
2,0.004330831220223834,0.0016195595807706317
3,0.0033994963939351563,0.0020126019604504108
4,0.002607034737890472,0.002135120070953336
5,0.002224271050125731,0.0013514114608470765
6,0.0017701071709019076,0.0022878038903905284
7,0.001402459232070084,0.001156044290918443
8,0.001426774399635401,0.0013626163359731435
9,0.0012353204115892627,0.0010276935567768912
10,0.0010707652428970263,0.0006552910095908575
0,0.061489339861738025,0.09324053364495437
1,0.054922353195485156,0.07744983568166693
2,0.05126531298585873,0.06765824758137266
3,0.048568668274499065,0.061010294050599136
4,0.04616224810705712,0.05626173713244498
5,0.04372113770875499,0.05266065996450683
6,0.041204086696757146,0.04898764045598606
7,0.03814589776023848,0.04544443047295014
8,0.034723482670346695,0.0414178716018796
9,0.031159642180568308,0.03689232957549393
10,0.02754556262238541,0.031758460022198655
0,0.060848281079094214,0.09296828730309263
1,0.054370115802745624,0.07777607108050204
2,0.05054490168513072,0.06792579829058748
3,0.04767647030942067,0.061361144752578534
4,0.04506398364901543,0.05642730306754721
5,0.0422162435233894,0.05216144627713142
6,0.03941119828195584,0.04844552127921835
7,0.036162330712558644,0.04441745309753621
8,0.032865538628715454,0.03991818404261102
9,0.029015117785846343,0.03509066483758865
10,0.024850235447626223,0.02972400870094908
0,0.05951134478483273,0.09238190700610478
1,0.052954559100373666,0.07634618944591946
2,0.04927842753312113,0.06668853983283043
3,0.046626888263058296,0.06035069616304504
4,0.044411219238322606,0.05570776073469056
5,0.04211484941140729,0.051882350941499074
6,0.03963078485269632,0.04857375133368704
7,0.0367118903739872,0.04532915155092875
8,0.033659021541172146,0.042001581398977174
9,0.030346545305255115,0.03789826250738568
10,0.026988507885181784,0.03362360650466548
0,0.013451261352279677,0.0032931026216829196
1,0.0074549195094586315,0.0009854743281418148
2,0.004574975549318271,0.0013929997003288008
3,0.003193134487309404,0.000864285397256026
4,0.002393431242276919,0.0018327718668539699
5,0.002031200773950816,0.0007086422586629245
6,0.0016260895188944648,0.0008040113522535345
7,0.00143443017726502,0.0006583474193272801
8,0.0013367179699298275,0.0006490876894531539
9,0.0011187474202100263,0.0005241460542796025
10,0.0011070337929399029,0.0006316620019788388
0,0.013157781364626694,0.002930989768851469
1,0.006489410223862665,0.0022878673254571697
2,0.0037438033555512026,0.0019145442081238836
3,0.0023125766021272432,0.0016803364690512101
4,0.0021968232979292443,0.0011206657286396528
5,0.0015852143670516934,0.0009448577623883698
6,0.0015654596325181745,0.0009491423391390274
7,0.0012570255508909773,0.0009611322509838229
8,0.001209790666921022,0.0006818981987344933
9,0.0012393717086230725,0.000923833039470334
10,0.0010506989651317285,0.0008429451170625126
0,0.013364691425076857,0.0031399201938054626
1,0.005543491861317307,0.0017466484155091975
2,0.0031446351474317324,0.0016437718295492232
3,0.0024428769035267227,0.0013848428109971185
4,0.002160934490960671,0.0012818178543562277
5,0.001711002041256692,0.0011083868358077275
6,0.0016055742704264382,0.0012923713605333534
7,0.001401184684607647,0.0013207002749873532
8,0.0013616988399750268,0.0008758174908709609
9,0.001450160235120221,0.0006594090476735599
10,0.0011365805375116536,0.0016242645913735032
0,0.061222208617021094,0.09730740279580156
1,0.0537890173195295,0.0812597586773336
2,0.04683403743796013,0.0667329526040703
3,0.03966547336298317,0.0546058250280718
4,0.03265940400785837,0.04269213908507178
5,0.025392848890667886,0.031102599188064534
6,0.019896735053453313,0.02284892792037378
7,0.01545024909144595,0.01601747520423184
8,0.01382549674760307,0.012111863567649076
9,0.011388463181111232,0.008875167220442867
10,0.011031965240742543,0.006900792892944689
0,0.06044914607297291,0.09484382100561832
1,0.0499422624707222,0.07336437464394469
2,0.03859939869267471,0.05072402866913917
3,0.026994522792672872,0.03148747211758127
4,0.017923570080481545,0.018743992466083232
5,0.013438771469424468,0.011487468839325804
6,0.011030846651681143,0.008032406174993895
7,0.010418647494533974,0.0065418506298769025
8,0.010512927395404515,0.005502884177134392
9,0.009626843941849515,0.005032371794012316
10,0.010409509990072686,0.004688024446566371
0,0.06025324383636518,0.09733565979533726
1,0.050066939155970304,0.07334519351522127
2,0.03747719427456661,0.046864572332965
3,0.024333161753317227,0.026292918084396256
4,0.015260293193598638,0.013805302708513207
5,0.01190854058415648,0.00888612431784471
6,0.009732892704718955,0.0064154821758468945
7,0.011155330176864351,0.005541224467257659
8,0.010666628981161178,0.00495853495473663
9,0.009724370863203111,0.004461646033450961
10,0.010225340185867508,0.004495601159416967
0,0.013594061804317574,0.0032121715776156634
1,0.006310207092720341,0.0026181340969439284
2,0.0036605987765114924,0.001034853875656457
3,0.0021292653634451594,0.002040825696894899
4,0.001946821304397358,0.0010868911352493644
5,0.0016312605965222659,0.0008161110624011295
6,0.0012744287117828976,0.0008557319445875086
7,0.00105760551981181,0.0013617415352200624
8,0.001190885159961561,0.0007107767402582491
9,0.000836983818301098,0.0014013424843142275
10,0.0008169868093711704,0.001294244259649228
0,0.012815732199632836,0.0011155002383871915
1,0.005950144975977677,0.0033802006943547663
2,0.0039020314591588696,0.0013352314931677376
3,0.0024063095954279744,0.0013799029328127174
4,0.002076817703029997,0.001531554585411907
5,0.0015093381992879915,0.0009398224721464546
6,0.0017101620257810944,0.0010204809108511248
7,0.0012940127955810778,0.0010958460811030198
8,0.0012240025492366215,0.0010880655732917342
9,0.0010976864581276789,0.0017933780525593048
10,0.0008916008813721787,0.0012916589076531694
0,0.012732524919556454,0.004415580335383614
1,0.00502114018605908,0.0015280213711472848
2,0.00301934636482489,0.0020379318803962734
3,0.002168927159206704,0.0014926692677868737
4,0.0018628922728251439,0.001259066575827698
5,0.0016062224448043188,0.0010436631169997983
6,0.0011465166600680035,0.0013067898055952457
7,0.0011858228288622982,0.002165529373774512
8,0.0011827787093352526,0.0012510807421575818
9,0.0014110994759866284,0.0011023689514129526
10,0.0008562225297542422,0.0015595892211422325
0,0.06006396196820029,0.09366172924637794
1,0.0530961631755134,0.07750815603261192
2,0.04938560141128811,0.06753437810887893
3,0.04594503827018654,0.06047598039731383
4,0.04317216039752241,0.055288037518039346
5,0.03971760131268945,0.05093579304714998
6,0.036477052442841794,0.04604088134753207
7,0.032599988379445506,0.04142419764927278
8,0.028654154727057596,0.03625495712428043
9,0.024867689967080577,0.030837794843440253
10,0.020885998799685557,0.02530382201075554
0,0.06196778013624928,0.09588823134594775
1,0.05588825577587792,0.08099642998360573
2,0.052268200506917155,0.07117614165899601
3,0.04949166740507188,0.06409611148720092
4,0.047210386709658186,0.05868326840882606
5,0.04476521312814168,0.054414159836287196
6,0.04233871416348701,0.050553309235801085
7,0.03945820788956351,0.0468493918789194
8,0.03680321629714183,0.04286707795046745
9,0.03308477010013479,0.038774947497121834
10,0.029682687770650543,0.03387657699591302
0,0.05930392955410845,0.09525508450137245
1,0.05245513294120224,0.0791331688563029
2,0.048583642085443954,0.06876368564036157
3,0.045860823253359724,0.061744935644997494
4,0.04371892706472046,0.056672374904155734
5,0.04162303568339165,0.05269595541887813
6,0.039368172565817226,0.04921302224198977
7,0.037266761226085375,0.04583948867188559
8,0.03452463080270254,0.04272100163830651
9,0.03183497871956503,0.039636005750960775
10,0.029071114277847265,0.035984705512722336
0,0.037977705873436664,0.021050870457353692
1,0.012142206318723273,0.010203838290181011
2,0.010644373242935193,0.0072015500530445324
3,0.009456710265153767,0.0035613833946020654
4,0.008768207922428098,0.0026762222551042214
5,0.007927064628260743,0.002164100437463882
6,0.007508349544064484,0.001736387409133992
7,0.007230101844141419,0.0018376376986755834
8,0.006269479176291643,0.0020808895205846056
9,0.006012473785992356,0.0020220575485533723
10,0.004967618839529778,0.002068891490732009
0,0.03174249842678281,0.012800277151325916
1,0.010868940208427082,0.009512413154415627
2,0.00931694533151452,0.00442791589971711
3,0.008656492590847793,0.0034241459996221545
4,0.0083116816305038,0.003341658333157922
5,0.007608656762073738,0.003007677812228336
6,0.007150449610145932,0.0037018886341297244
7,0.006029720051858499,0.002565694715272873
8,0.0051484430735610955,0.0022672890744944835
9,0.004509229431131083,0.001933444536568478
10,0.0043974857432814785,0.0019331320877523815
0,0.029456392724104986,0.017406878392729495
1,0.010998812044390991,0.008887826775511106
2,0.009548570341858253,0.005453486709545056
3,0.00821908868668715,0.003526979775374962
4,0.008153681487690809,0.002974384810982479
5,0.007735908783411569,0.002590950904414058
6,0.006115384825757153,0.0018063200818788673
7,0.005134863411290191,0.0029619201293422117
8,0.0045441361262976215,0.0025915959772343437
9,0.0040391690224855755,0.0019470650935545565
10,0.0032484603698878568,0.0019423980847932398
0,0.06563999350346512,0.11526040453463793
1,0.06431567843011277,0.11182658607140183
2,0.06300846891636824,0.10855122609063983
3,0.0617728625335286,0.10549998097121716
4,0.0606505445499516,0.1025519532461961
5,0.05954400601623645,0.09967709441358845
6,0.058395867072158124,0.09693338116630912
7,0.05729269793247757,0.09422919138645132
8,0.05635290345804176,0.09156664817904432
9,0.05522670473285656,0.08897703692006569
10,0.05418817611907295,0.08642856295530994
0,0.06419170365640611,0.11663945257029634
1,0.06211322382318251,0.11189805129741101
2,0.06024832393259111,0.10734754721535013
3,0.05835326633068046,0.10292578409326837
4,0.056427613568652155,0.09866992415899926
5,0.05469804554425105,0.09436883317663315
6,0.052775150240220205,0.09012900578214768
7,0.05105806514620781,0.08585142264974878
8,0.04905907404279769,0.08154370905236995
9,0.04714981783557721,0.0771762786551993
10,0.04522632902506927,0.07292475210542375
0,0.06364087783256356,0.11443821754720476
1,0.060967007975037,0.1083781189388699
2,0.05857268411057944,0.10269130865732828
3,0.05627207963594368,0.09725067201587889
4,0.05387156754161934,0.09180310749345355
5,0.05159502944966056,0.0863273423579004
6,0.049268227023053536,0.08085796725418833
7,0.04689321582376653,0.07545042095912827
8,0.0443164012965043,0.06999659091234207
9,0.04169503880702719,0.06481254796187083
10,0.03929303902942611,0.05982457788454162
0,0.0396601888187342,0.009883963202203935
1,0.012447985616891678,0.0047137739359944435
2,0.010690269196153287,0.0033305081306025386
3,0.009367812061027141,0.0036436716861013943
4,0.00937747868976027,0.0023366800693717473
5,0.008401556141749398,0.0023735601256097047
6,0.008429218986862568,0.003264343433935816
7,0.007508929078841591,0.00277357208445513
8,0.007062705693504394,0.002512359499329856
9,0.006502009558505449,0.001596345121167057
10,0.005342899287592189,0.00194606464356184
0,0.037366932235667574,0.007929307715769144
1,0.01029080001524452,0.00410201253389266
2,0.009099977192083242,0.0026098150224920283
3,0.008808254142588174,0.0031139416486381534
4,0.008250063436336327,0.002532103406067224
5,0.008540387506446227,0.003716521767621979
6,0.007760618325332274,0.002256622815385778
7,0.007614514866909671,0.003592823696461447
8,0.006637984023645821,0.0025806224835600625
9,0.0054570716297761964,0.00217997950026171
10,0.004444776744948644,0.0026756625887541536
0,0.039498965189393075,0.011835839164753755
1,0.010498376047637845,0.006598869618028402
2,0.009233776871970266,0.004640161908335156
3,0.00856082955237516,0.0029018770955089065
4,0.008232973515987396,0.002878286924937533
5,0.008199373956256526,0.0033271441313748556
6,0.007787378207300504,0.0025188891786254116
7,0.006874169751037178,0.0024211195323409307
8,0.00632881676084457,0.0032034089892274803
9,0.004980029818620913,0.003143845053596629
10,0.005170062496754512,0.0025098050168404977
0,0.0649072020010433,0.11343356439222892
1,0.06162387052148431,0.10527445422485471
2,0.058843376049444306,0.09832191141322255
3,0.05676575608776143,0.09234783907110493
4,0.054820044583935836,0.08724580705165863
5,0.05337073577184174,0.08270894673963387
6,0.05205691456045937,0.0787571333348751
7,0.050745493971073447,0.07536563215156396
8,0.049841088724870176,0.07224980858154595
9,0.048890452616702974,0.0694769942201674
10,0.04801974809686443,0.06706192041747272
0,0.06458510849813018,0.10996530886660232
1,0.062391963081829475,0.10385222622054688
2,0.06044386045047731,0.09837292261580204
3,0.05888933246259136,0.09358217028227259
4,0.05733743326907808,0.08943761726643176
5,0.056170473326787804,0.08568758137048559
6,0.05502210051348113,0.08232581060617528
7,0.05407819109545513,0.07934458601347943
8,0.05321084579095395,0.07669511873354302
9,0.05246555083666486,0.07427853853144545
10,0.05161948977132337,0.07209078373110041
0,0.06267186828261735,0.11210121230946647
1,0.060019850350764334,0.10544452832804786
2,0.057856135032310775,0.09955831931696998
3,0.056067481370908875,0.09449660231669745
4,0.05445324648551795,0.08993603554036882
5,0.053126504673261424,0.08595736424128214
6,0.051957076405916285,0.08231434954537285
7,0.050853699483737656,0.07916585256656011
8,0.05004396953867102,0.07629526795612442
9,0.049230797700964064,0.07371516989337074
10,0.048462897843244125,0.07140326251586278
0,0.04074401016950832,0.020454058811689418
1,0.012318784674049248,0.010131902245727057
2,0.011002936646173796,0.008794173957236731
3,0.010084228081179399,0.004738965062036489
4,0.008839455118458999,0.0049708763496407
5,0.008546889305638907,0.005005023262735146
6,0.007842347017681254,0.003129596220484624
7,0.0076307745524050305,0.0017150810429787573
8,0.006212149506280358,0.0023689961332517364
9,0.005910233654147341,0.002124533525299436
10,0.005253758414264712,0.0019374117036932148
0,0.030180973899221482,0.014723207405272951
1,0.011011142570600665,0.008651568415634175
2,0.009619982245218272,0.0053102532946603725
3,0.009405958350992413,0.005112937220590229
4,0.00858994737041719,0.0035035720124761477
5,0.008438234917132767,0.0026168303608775454
6,0.006892200969183121,0.0021841636229742397
7,0.006288023740805761,0.0028286607802270893
8,0.005627574603722403,0.002142114218007377
9,0.004172539038023902,0.0021936281787310824
10,0.0037942335181258093,0.0015381584872808704
0,0.028246529664065004,0.014840253815054893
1,0.011154092899381126,0.007383361883047554
2,0.009207579960609426,0.004667773977335956
3,0.008369309271742799,0.004312831758418017
4,0.00838785898534353,0.004370314627885818
5,0.00773021323269005,0.0036162399298821884
6,0.006807336248742531,0.0030719007598236205
7,0.006557482425408552,0.0039054980811973413
8,0.0053124824605349985,0.0023544761093540322
9,0.005010309867912485,0.0022421669603014988
10,0.004328209210106419,0.002392922204712199
0,0.06650778744837746,0.11512289025510351
1,0.06485775612931155,0.11103256698697805
2,0.06324513011317157,0.10726758961876233
3,0.06180437553168541,0.10377763072028756
4,0.06048728501302513,0.10048827047770222
5,0.05916872629006604,0.09735286887735128
6,0.05789317799048807,0.09440682409331203
7,0.05656930766812521,0.09153457777574658
8,0.05529824196917927,0.08878058878084023
9,0.05413210511806622,0.08617365562046568
10,0.053154939139757926,0.08356468736504515
0,0.06456790605766906,0.11493390877830222
1,0.06262516015858362,0.11041912547451385
2,0.06082424072718078,0.10622516575645893
3,0.05920213009371902,0.10210346985370555
4,0.057471729927893844,0.09821253333320008
5,0.05587673847648231,0.0943487397533782
6,0.05426017456509248,0.09058954693535541
7,0.05260664905713062,0.08683159170632666
8,0.05097217516352733,0.08309967910989802
9,0.049320231031889865,0.07936858140090679
10,0.04759441436541201,0.07563098226772978
0,0.06376572012217069,0.11321625262498855
1,0.06179223537483081,0.10868421643972397
2,0.05996234619951978,0.10438602765401205
3,0.05813825856514123,0.10024050639735328
4,0.05632208894025915,0.09612066398064295
5,0.054528326917515725,0.09193482382429971
6,0.05255001654126206,0.0876766648557451
7,0.05060804583968557,0.08328278015057246
8,0.04851365909550567,0.0787580657336447
9,0.04629091107837704,0.07405310347676278
10,0.04390229868265439,0.06941086029012998
0,0.03491523750968764,0.008241843626213571
1,0.011652015142573333,0.004895519639831036
2,0.010005666586528322,0.0025943222838880806
3,0.009462007595198088,0.0027456396564957686
4,0.008989433167109163,0.0022535121000449485
5,0.008631385166675377,0.001468908877238088
6,0.008119546657956988,0.0037938720585467913
7,0.006648914085878949,0.0026715318357067495
8,0.006343459368252836,0.0019374775608109
9,0.005180396202509409,0.0013262969926775743
10,0.004719939077010931,0.002041424195340369
0,0.03217943673224348,0.011435797438025475
1,0.010518493360106015,0.004044220906662497
2,0.01023752246853999,0.004200179991807709
3,0.009187472958324684,0.003073217555325716
4,0.008962586543268779,0.0029095960013132464
5,0.00820900166214378,0.0034026470174022177
6,0.007516965359411758,0.0029857273193749975
7,0.007340163162984707,0.003782670320744844
8,0.0069069340190088205,0.002340507864496334
9,0.006410724030704134,0.0036350124679069887
10,0.005627090569392712,0.0022387195135803615
0,0.03819129510535574,0.009492153281139002
1,0.009814121139150265,0.004517278571923574
2,0.009433427380103315,0.0034945719332123795
3,0.00890803426665691,0.004275029602771004
4,0.008240503370666839,0.003780933774800764
5,0.007131356083103741,0.002614059744195806
6,0.006581306469398646,0.0020283687833903565
7,0.006063388259036048,0.0028260692281441555
8,0.005127401137783915,0.0018005951152493557
9,0.004638586942004325,0.001929962450069272
10,0.0043423312914567256,0.001941828377958801
0,0.0657091757385575,0.11199381590510409
1,0.06375740397365848,0.10657451332857211
2,0.06219292420837747,0.10175239356855552
3,0.06071608242152923,0.09740935591980815
4,0.05943220636652942,0.09355064093445738
5,0.05832559012587945,0.0900301025249064
6,0.057427214917226056,0.08679810321579377
7,0.056578969807555925,0.08390570618212223
8,0.05569427226431406,0.08129338532065351
9,0.054997932830422966,0.0788494972512126
10,0.05442862463506622,0.0766936616661648
0,0.06480566491231773,0.10983825950546468
1,0.06286275706658459,0.10427771905001174
2,0.06114389965630541,0.0993701642815103
3,0.05966883269373817,0.09496103512479905
4,0.05827230993996967,0.09099774490645592
5,0.05722225888284168,0.08737247595761685
6,0.05627978482104913,0.08419988280598154
7,0.05542008616406508,0.08128711121513489
8,0.05465381011141069,0.07868076306074223
9,0.0539375063633979,0.07633051775554393
10,0.05328115057952777,0.07413551782039886
0,0.06263531696963676,0.1139499122897784
1,0.060304432404132524,0.10802925113174651
2,0.05830597515427032,0.1028073012828827
3,0.05668532407405425,0.0979901447892189
4,0.05513825657188284,0.09372210370169745
5,0.053813466365088006,0.08989372021622127
6,0.05280510936768688,0.08629837731520335
7,0.051789063181043885,0.08314306553867128
8,0.050857157446444035,0.0802445217139191
9,0.05013013218662569,0.07758482380045785
10,0.049384381393997034,0.07513417427738507
0,0.036520980621440026,0.02263837893648694
1,0.012066717212785728,0.010273911679784456
2,0.010162079590957742,0.005711117807853346
3,0.00997180592540146,0.004893126121411721
4,0.008860851044242444,0.00327538134297356
5,0.008413290193107858,0.004771335884773483
6,0.007734084698423069,0.002362311580024349
7,0.006943315103762413,0.0028329680402142308
8,0.0055969546530887145,0.0025719540475013978
9,0.005277870669867376,0.0022451654464627304
10,0.004730468783200012,0.002103853587565633
0,0.030443360885567587,0.014302367007637278
1,0.010945181864445484,0.008605597560551572
2,0.0096965405085792,0.005433006771899601
3,0.008299286739496195,0.004292982655200869
4,0.008209160701936167,0.002552745150441819
5,0.007947348801400324,0.003004696301897948
6,0.0072799511030410425,0.0027321026056133053
7,0.006148583720781549,0.002300838119984466
8,0.005087367040246274,0.0023287672083824873
9,0.004479079763640208,0.0024160040106545105
10,0.0041140868431992,0.001936490342833419
0,0.02853784881465669,0.015121183668573698
1,0.01097910534305384,0.007065085000875923
2,0.009187320908959195,0.005044630319914884
3,0.00874633910799665,0.0060063469223678115
4,0.00754617793932177,0.0035534522289203275
5,0.0081630307368516,0.004156790368465914
6,0.006376270575410858,0.0028626792883086538
7,0.005826410656314989,0.002254875014639563
8,0.005038608033661445,0.0031430077894280353
9,0.004202026246015781,0.0017613958049979474
10,0.0036098563851199436,0.0027028802057935133
0,0.06607895741360871,0.11168068181723356
1,0.0644252693383538,0.10752677777782083
2,0.06283414690525987,0.10377116377154987
3,0.06140481530871224,0.10026231734082103
4,0.05996978114448001,0.09686275695761044
5,0.05868531117711834,0.09363365064685543
6,0.05739167254961016,0.09058934822678566
7,0.05596991868961097,0.08763272920623422
8,0.05473656554580034,0.08478021932144959
9,0.053488975606072485,0.08202766596029203
10,0.052157328843171875,0.07924793257067601
0,0.06546194883383284,0.11358218830316624
1,0.06337860700759021,0.10880635377574474
2,0.061387722860231544,0.10443420724031773
3,0.05946664075658779,0.10023317470195446
4,0.057631611711148056,0.09601137406648473
5,0.055786617965710286,0.0919529805158047
6,0.05384447378567373,0.08785164863505263
7,0.051988589586784144,0.08381664546880316
8,0.04995645594905422,0.07958387488380392
9,0.04787460994916131,0.07536846700500935
10,0.04567619294605472,0.0711264156122157
0,0.06383425535216015,0.11369653311040666
1,0.062124859218542675,0.10973861167828242
2,0.060472101182201685,0.1059621380435096
3,0.058846981891868065,0.10225124226676094
4,0.057285694348416766,0.09853257967366112
5,0.05565739749949806,0.09466436074839699
6,0.05385519021513815,0.09066497517956627
7,0.0521112156518716,0.08648843682474561
8,0.05015870723493245,0.08214218633042442
9,0.048083883634179224,0.07762618826495277
10,0.045926334174844076,0.07302314399017228
0,0.03373896385819169,0.009483281387171397
1,0.0106275990855735,0.004243532942685609
2,0.010239145043423053,0.002338271551707294
3,0.009200370666950043,0.0023984758784839264
4,0.00921184794471866,0.002299339413487663
5,0.008760111515840805,0.004837622298509814
6,0.007999968877642523,0.003461972562945448
7,0.00722532891188678,0.0015913182772540797
8,0.005780733920558913,0.001297533855298146
9,0.004730033315016172,0.0013817752126972966
10,0.0043417280890871235,0.0019124424470646773
0,0.029239388714271664,0.007849475547195749
1,0.009691827835261145,0.004564953507221443
2,0.009596170438335964,0.00523152326709254
3,0.008889585674618079,0.0024865628492602323
4,0.008310890522540896,0.0028814923270863105
5,0.006875305010871303,0.002473075782503695
6,0.00672332706068633,0.0015720467472032822
7,0.005586296029511199,0.0013319189880697175
8,0.005105614155940147,0.0019998193020001054
9,0.004416269062068125,0.001613441447261721
10,0.004348503961933382,0.0015157938791201153
0,0.033021364230377485,0.010058973584738043
1,0.009941554323019346,0.0021618143267308674
2,0.009607976068485985,0.0031984364510410364
3,0.008400768680707077,0.0019259467255324126
4,0.008015256334685398,0.002264040385165976
5,0.007722043343201964,0.0025847718921593495
6,0.007890026857221157,0.0029118606044600407
7,0.00711204000090591,0.0019490534801863961
8,0.006685044650316277,0.0016175799951371219
9,0.00521248142289625,0.0028298168572493724
10,0.004358833621859512,0.0015563276997353468
0,0.06541918287400025,0.11371913086622953
1,0.06352147476831872,0.10836639736468594
2,0.06172275284876177,0.10340071904162566
3,0.060274985810769864,0.09907914930954576
4,0.05895349460106399,0.0950607097086807
5,0.057704337783644546,0.09144691998759906
6,0.05675226792543378,0.08816070466612776
7,0.05576770047858432,0.08514932310208678
8,0.05502480562383206,0.08245778735727072
9,0.0542287384183263,0.0799426231533289
10,0.05356518696787669,0.07766982695708673
0,0.06406135810068761,0.11229403396236136
1,0.061645025406220945,0.10601827248613885
2,0.059598334302956406,0.100462739771985
3,0.057786629873920574,0.0954904651388209
4,0.056339999416259806,0.09112294335314568
5,0.055024645131344745,0.08720352659200101
6,0.054009845517952036,0.083669282575237
7,0.052977610426493967,0.08054911503766446
8,0.052058620039712296,0.0777180091022177
9,0.051263086328452286,0.07513620125803541
10,0.050626483294322636,0.07284720891967733
0,0.06335737984817551,0.1127406570646498
1,0.06117686157932087,0.10699236492315928
2,0.05926127003847945,0.10193670325809055
3,0.057693282807511945,0.09730348769161436
