epoch,loss,val_loss
0,0.015672377851964504,0.01687827422890974
1,0.005621198974021701,0.0023365066609466853
2,0.004964130973808237,5.580222537189358e-05
3,0.004548977003144773,0.000569803117642827
4,0.0035268411690791705,0.0022955550508492665
5,0.003067095022883804,0.00017441699278804109
6,0.0026312920279301624,0.0003572721603711176
7,0.0022152868932420293,3.366186731158371e-05
8,0.00198085546210293,4.9479873506124534e-05
9,0.00210959060578463,6.039293538892905e-05
10,0.0017038943649860118,2.783847819797381e-05
11,0.002252234396231889,2.678990328960303e-05
12,0.0016592952288379988,2.7085586106809586e-05
13,0.0016126484338904626,2.7653231644881483e-05
14,0.0016608840477480024,7.483182059292196e-05
15,0.0014834584033395135,7.693526498295124e-05
16,0.0015463318019270052,3.309035744915372e-05
17,0.0013848334756684634,0.00012392278332971847
18,0.0013732292563966523,9.054883159241517e-05
19,0.0013418246373250965,2.8959822647384893e-05
20,0.0013145321551662362,3.881363883682871e-05
21,0.0012730694923204246,0.000424855445643239
22,0.0012347796599119039,4.7363837438751943e-05
23,0.0010979177544887188,2.746413828508989e-05
24,0.0011818766196080744,3.442796633348537e-05
25,0.0010033394684102962,9.570048686051133e-05
26,0.0010064852454869998,3.4444477063041866e-05
27,0.0009647930302289938,3.399595326576989e-05
28,0.0009138269986616467,0.0002017067884520182
29,0.0008585441859976686,8.162707830627409e-05
30,0.0009111372385529283,3.273624758509433e-05
31,0.0008521735082805329,2.685777935371532e-05
32,0.0007996421411439066,5.106008163989906e-05
33,0.000781486764701429,3.9719194556591504e-05
34,0.0007345144689135906,3.623774057853987e-05
35,0.0007884014033611634,2.765605653542519e-05
36,0.0006747234142541443,3.3751532496155605e-05
37,0.00070452276985137,5.591492426110958e-05
38,0.0007445377165081998,4.452119680101295e-05
39,0.0007257453071735991,2.991695284594164e-05
40,0.0006279934393590048,3.474155575689941e-05
41,0.0005820106522038521,3.0478686075303298e-05
42,0.000579908694807901,3.296741345801148e-05
43,0.0005945601986934786,3.813276136655907e-05
44,0.0005326215785354395,2.811108630418818e-05
45,0.0005623305983932631,2.762524174771818e-05
46,0.0005369006508190819,3.377636700030922e-05
47,0.000660140620986811,4.340439140239892e-05
48,0.0005348693545980946,3.051091311056592e-05
49,0.0005697922262191513,3.716154044567425e-05
0,0.013686163434950807,0.015986472894640072
1,0.005109891860707442,0.002356752419196393
2,0.004712133129492172,0.0011440484693435872
3,0.004144233838683858,0.0014282849759025419
4,0.0035508863253461333,0.0009217510612317077
0,0.00051546394,0.025590946921867502,0.002173913,0.04023961496093999
1,0.0010309279,0.009134220521052167,0.002173913,0.014312409593359283
2,0.0010309279,0.005268185775122154,0.002173913,0.004606701210951028
3,0.0010309279,0.0034580893044062343,0.002173913,0.0027250992235444164
4,0.0010309279,0.0028174682064269927,0.002173913,0.0010114098018359232
5,0.0010309279,0.002596082579891783,0.002173913,0.00032780578286569243
6,0.0010309279,0.002117222348424923,0.002173913,0.0008823639085597318
7,0.0010309279,0.0019230811266209354,0.002173913,0.00016147416191297057
8,0.0010309279,0.0017265137242988597,0.002173913,0.0004993335827274005
9,0.0010309279,0.0014970279283720769,0.002173913,0.000242251314415151
10,0.0010309279,0.001548955229605481,0.002173913,0.0006129029890238915
0,0.00052631577,0.02169163307959312,0.0023809525,0.03156952284986064
1,0.00052631577,0.006973343903787042,0.0023809525,0.017508578974576222
2,0.00052631577,0.003539821951601066,0.0023809525,0.006310731704745974
3,0.00052631577,0.0022831710913267574,0.0023809525,0.0005256650148935261
4,0.00052631577,0.0018891971748273232,0.0023809525,0.0002725063053990847
5,0.00052631577,0.0015233444172496858,0.0023809525,0.000115748879103367
6,0.00052631577,0.0013731161448001666,0.0023809525,8.247942570874112e-05
7,0.00052631577,0.0012595136594762536,0.0023809525,6.352652642471228e-05
8,0.00052631577,0.0011920077208503101,0.0023809525,5.313037434548494e-05
9,0.00052631577,0.0010794126100862693,0.0023809525,7.313727855078122e-05
10,0.00052631577,0.0009818216470241742,0.0023809525,6.104080187339735e-05
11,0.00052631577,0.000884933476520114,0.0023809525,4.282506233721506e-05
12,0.00052631577,0.0009280397734408708,0.0023809525,0.00018864613819113445
13,0.00052631577,0.0008141576058206786,0.0023809525,3.9174987856919565e-05
14,0.00052631577,0.0008016098414756063,0.0023809525,4.250374089072769e-05
15,0.00052631577,0.0007726789565487323,0.0023809525,0.00015652777767086046
0,0.00052631577,0.020661287994957284,0.0023809525,0.037427550980022976
1,0.00052631577,0.007438006906427051,0.0023809525,0.012505986993866307
2,0.00052631577,0.003617800654549348,0.0023809525,0.0074593776703945226
3,0.00052631577,0.00240004938095808,0.0023809525,0.003187315904402307
0,0.00052631577,0.020668080610860336,0.0023809525,0.038096375053837186
1,0.00052631577,0.0065154203998022955,0.0023809525,0.012990554750320456
2,0.00052631577,0.003148414584268865,0.0023809525,0.001946639042303321
3,0.00052631577,0.0024389923868798897,0.0023809525,0.0002997395876307218
4,0.00052631577,0.0016558338759319956,0.0023809525,9.700937170280321e-05
5,0.00052631577,0.0016389572472115489,0.0023809525,7.656878508333604e-05
6,0.00052631577,0.0014014653120140888,0.0023809525,6.27688133958838e-05
0,0.00052631577,0.022442515723799406,0.0023809525,0.026110063706125532
1,0.00052631577,0.005886891655819981,0.0023809525,0.007690454167979104
2,0.00052631577,0.003325944706356447,0.0023809525,0.0055602446774996464
3,0.00052631577,0.0023699029434570357,0.0023809525,0.0005721356109937741
4,0.00052631577,0.0019809660866341896,0.0023809525,3.7073275788792494e-05
5,0.00052631577,0.0016707727654935106,0.0023809525,2.9233834495590555e-05
6,0.00052631577,0.0016524699277636644,0.0023809525,3.671908944809166e-05
7,0.00052631577,0.0013324472492585253,0.0023809525,4.0012868686019265e-05
8,0.00052631577,0.001313964749294284,0.0023809525,2.355218181210581e-05
9,0.00052631577,0.0012252138847926336,0.0023809525,3.443200053187043e-05
10,0.00052631577,0.0010931114767261437,0.0023809525,2.339457945968856e-05
11,0.00052631577,0.000980555688300611,0.0023809525,2.2633571071699926e-05
12,0.00052631577,0.0010662304660256363,0.0023809525,5.1343832508012254e-05
13,0.00052631577,0.0009405631835474388,0.0023809525,2.364301495357982e-05
14,0.00052631577,0.0009760908644621898,0.0023809525,2.7920285945237127e-05
15,0.00052631577,0.0008529415700315057,0.0023809525,2.4032778171766994e-05
